ERROR - 2022-02-11 01:42:58 --> mysqli_sql_exception: Table 'millebytesdb.works' doesn't exist in /var/www/millebytes/vendor/codeigniter4/framework/system/Database/MySQLi/Connection.php:314
Stack trace:
#0 /var/www/millebytes/vendor/codeigniter4/framework/system/Database/MySQLi/Connection.php(314): mysqli->query()
#1 /var/www/millebytes/vendor/codeigniter4/framework/system/Database/BaseConnection.php(715): CodeIgniter\Database\MySQLi\Connection->execute()
#2 /var/www/millebytes/vendor/codeigniter4/framework/system/Database/BaseConnection.php(643): CodeIgniter\Database\BaseConnection->simpleQuery()
#3 /var/www/millebytes/app/Views/profile.php(8): CodeIgniter\Database\BaseConnection->query()
#4 /var/www/millebytes/vendor/codeigniter4/framework/system/View/View.php(220): include('/var/www/milleb...')
#5 /var/www/millebytes/vendor/codeigniter4/framework/system/View/View.php(222): CodeIgniter\View\View->CodeIgniter\View\{closure}()
#6 /var/www/millebytes/vendor/codeigniter4/framework/system/Common.php(1217): CodeIgniter\View\View->render()
#7 /var/www/millebytes/app/Controllers/User.php(226): view()
#8 /var/www/millebytes/vendor/codeigniter4/framework/system/CodeIgniter.php(935): App\Controllers\User->profilo()
#9 /var/www/millebytes/vendor/codeigniter4/framework/system/CodeIgniter.php(431): CodeIgniter\CodeIgniter->runController()
#10 /var/www/millebytes/vendor/codeigniter4/framework/system/CodeIgniter.php(332): CodeIgniter\CodeIgniter->handleRequest()
#11 /var/www/millebytes/index.php(44): CodeIgniter\CodeIgniter->run()
#12 {main}
ERROR - 2022-02-11 02:17:52 --> mysqli_sql_exception: Table 'millebytesdb.works' doesn't exist in /var/www/millebytes/vendor/codeigniter4/framework/system/Database/MySQLi/Connection.php:314
Stack trace:
#0 /var/www/millebytes/vendor/codeigniter4/framework/system/Database/MySQLi/Connection.php(314): mysqli->query()
#1 /var/www/millebytes/vendor/codeigniter4/framework/system/Database/BaseConnection.php(715): CodeIgniter\Database\MySQLi\Connection->execute()
#2 /var/www/millebytes/vendor/codeigniter4/framework/system/Database/BaseConnection.php(643): CodeIgniter\Database\BaseConnection->simpleQuery()
#3 /var/www/millebytes/app/Views/profile.php(8): CodeIgniter\Database\BaseConnection->query()
#4 /var/www/millebytes/vendor/codeigniter4/framework/system/View/View.php(220): include('/var/www/milleb...')
#5 /var/www/millebytes/vendor/codeigniter4/framework/system/View/View.php(222): CodeIgniter\View\View->CodeIgniter\View\{closure}()
#6 /var/www/millebytes/vendor/codeigniter4/framework/system/Common.php(1217): CodeIgniter\View\View->render()
#7 /var/www/millebytes/app/Controllers/User.php(226): view()
#8 /var/www/millebytes/vendor/codeigniter4/framework/system/CodeIgniter.php(935): App\Controllers\User->profilo()
#9 /var/www/millebytes/vendor/codeigniter4/framework/system/CodeIgniter.php(431): CodeIgniter\CodeIgniter->runController()
#10 /var/www/millebytes/vendor/codeigniter4/framework/system/CodeIgniter.php(332): CodeIgniter\CodeIgniter->handleRequest()
#11 /var/www/millebytes/index.php(44): CodeIgniter\CodeIgniter->run()
#12 {main}
ERROR - 2022-02-11 03:17:03 --> mysqli_sql_exception: Table 'millebytesdb.works' doesn't exist in /var/www/millebytes/vendor/codeigniter4/framework/system/Database/MySQLi/Connection.php:314
Stack trace:
#0 /var/www/millebytes/vendor/codeigniter4/framework/system/Database/MySQLi/Connection.php(314): mysqli->query()
#1 /var/www/millebytes/vendor/codeigniter4/framework/system/Database/BaseConnection.php(715): CodeIgniter\Database\MySQLi\Connection->execute()
#2 /var/www/millebytes/vendor/codeigniter4/framework/system/Database/BaseConnection.php(643): CodeIgniter\Database\BaseConnection->simpleQuery()
#3 /var/www/millebytes/app/Views/profile.php(8): CodeIgniter\Database\BaseConnection->query()
#4 /var/www/millebytes/vendor/codeigniter4/framework/system/View/View.php(220): include('/var/www/milleb...')
#5 /var/www/millebytes/vendor/codeigniter4/framework/system/View/View.php(222): CodeIgniter\View\View->CodeIgniter\View\{closure}()
#6 /var/www/millebytes/vendor/codeigniter4/framework/system/Common.php(1217): CodeIgniter\View\View->render()
#7 /var/www/millebytes/app/Controllers/User.php(226): view()
#8 /var/www/millebytes/vendor/codeigniter4/framework/system/CodeIgniter.php(935): App\Controllers\User->profilo()
#9 /var/www/millebytes/vendor/codeigniter4/framework/system/CodeIgniter.php(431): CodeIgniter\CodeIgniter->runController()
#10 /var/www/millebytes/vendor/codeigniter4/framework/system/CodeIgniter.php(332): CodeIgniter\CodeIgniter->handleRequest()
#11 /var/www/millebytes/index.php(44): CodeIgniter\CodeIgniter->run()
#12 {main}
ERROR - 2022-02-11 04:36:57 --> mysqli_sql_exception: Table 'millebytesdb.works' doesn't exist in /var/www/millebytes/vendor/codeigniter4/framework/system/Database/MySQLi/Connection.php:314
Stack trace:
#0 /var/www/millebytes/vendor/codeigniter4/framework/system/Database/MySQLi/Connection.php(314): mysqli->query()
#1 /var/www/millebytes/vendor/codeigniter4/framework/system/Database/BaseConnection.php(715): CodeIgniter\Database\MySQLi\Connection->execute()
#2 /var/www/millebytes/vendor/codeigniter4/framework/system/Database/BaseConnection.php(643): CodeIgniter\Database\BaseConnection->simpleQuery()
#3 /var/www/millebytes/app/Views/profile.php(8): CodeIgniter\Database\BaseConnection->query()
#4 /var/www/millebytes/vendor/codeigniter4/framework/system/View/View.php(220): include('/var/www/milleb...')
#5 /var/www/millebytes/vendor/codeigniter4/framework/system/View/View.php(222): CodeIgniter\View\View->CodeIgniter\View\{closure}()
#6 /var/www/millebytes/vendor/codeigniter4/framework/system/Common.php(1217): CodeIgniter\View\View->render()
#7 /var/www/millebytes/app/Controllers/User.php(226): view()
#8 /var/www/millebytes/vendor/codeigniter4/framework/system/CodeIgniter.php(935): App\Controllers\User->profilo()
#9 /var/www/millebytes/vendor/codeigniter4/framework/system/CodeIgniter.php(431): CodeIgniter\CodeIgniter->runController()
#10 /var/www/millebytes/vendor/codeigniter4/framework/system/CodeIgniter.php(332): CodeIgniter\CodeIgniter->handleRequest()
#11 /var/www/millebytes/index.php(44): CodeIgniter\CodeIgniter->run()
#12 {main}
ERROR - 2022-02-11 04:37:20 --> mysqli_sql_exception: Table 'millebytesdb.works' doesn't exist in /var/www/millebytes/vendor/codeigniter4/framework/system/Database/MySQLi/Connection.php:314
Stack trace:
#0 /var/www/millebytes/vendor/codeigniter4/framework/system/Database/MySQLi/Connection.php(314): mysqli->query()
#1 /var/www/millebytes/vendor/codeigniter4/framework/system/Database/BaseConnection.php(715): CodeIgniter\Database\MySQLi\Connection->execute()
#2 /var/www/millebytes/vendor/codeigniter4/framework/system/Database/BaseConnection.php(643): CodeIgniter\Database\BaseConnection->simpleQuery()
#3 /var/www/millebytes/app/Views/profile.php(8): CodeIgniter\Database\BaseConnection->query()
#4 /var/www/millebytes/vendor/codeigniter4/framework/system/View/View.php(220): include('/var/www/milleb...')
#5 /var/www/millebytes/vendor/codeigniter4/framework/system/View/View.php(222): CodeIgniter\View\View->CodeIgniter\View\{closure}()
#6 /var/www/millebytes/vendor/codeigniter4/framework/system/Common.php(1217): CodeIgniter\View\View->render()
#7 /var/www/millebytes/app/Controllers/User.php(226): view()
#8 /var/www/millebytes/vendor/codeigniter4/framework/system/CodeIgniter.php(935): App\Controllers\User->profilo()
#9 /var/www/millebytes/vendor/codeigniter4/framework/system/CodeIgniter.php(431): CodeIgniter\CodeIgniter->runController()
#10 /var/www/millebytes/vendor/codeigniter4/framework/system/CodeIgniter.php(332): CodeIgniter\CodeIgniter->handleRequest()
#11 /var/www/millebytes/index.php(44): CodeIgniter\CodeIgniter->run()
#12 {main}
ERROR - 2022-02-11 04:44:35 --> mysqli_sql_exception: Table 'millebytesdb.works' doesn't exist in /var/www/millebytes/vendor/codeigniter4/framework/system/Database/MySQLi/Connection.php:314
Stack trace:
#0 /var/www/millebytes/vendor/codeigniter4/framework/system/Database/MySQLi/Connection.php(314): mysqli->query()
#1 /var/www/millebytes/vendor/codeigniter4/framework/system/Database/BaseConnection.php(715): CodeIgniter\Database\MySQLi\Connection->execute()
#2 /var/www/millebytes/vendor/codeigniter4/framework/system/Database/BaseConnection.php(643): CodeIgniter\Database\BaseConnection->simpleQuery()
#3 /var/www/millebytes/app/Views/profile.php(8): CodeIgniter\Database\BaseConnection->query()
#4 /var/www/millebytes/vendor/codeigniter4/framework/system/View/View.php(220): include('/var/www/milleb...')
#5 /var/www/millebytes/vendor/codeigniter4/framework/system/View/View.php(222): CodeIgniter\View\View->CodeIgniter\View\{closure}()
#6 /var/www/millebytes/vendor/codeigniter4/framework/system/Common.php(1217): CodeIgniter\View\View->render()
#7 /var/www/millebytes/app/Controllers/User.php(226): view()
#8 /var/www/millebytes/vendor/codeigniter4/framework/system/CodeIgniter.php(935): App\Controllers\User->profilo()
#9 /var/www/millebytes/vendor/codeigniter4/framework/system/CodeIgniter.php(431): CodeIgniter\CodeIgniter->runController()
#10 /var/www/millebytes/vendor/codeigniter4/framework/system/CodeIgniter.php(332): CodeIgniter\CodeIgniter->handleRequest()
#11 /var/www/millebytes/index.php(44): CodeIgniter\CodeIgniter->run()
#12 {main}
ERROR - 2022-02-11 05:00:51 --> mysqli_sql_exception: Table 'millebytesdb.works' doesn't exist in /var/www/millebytes/vendor/codeigniter4/framework/system/Database/MySQLi/Connection.php:314
Stack trace:
#0 /var/www/millebytes/vendor/codeigniter4/framework/system/Database/MySQLi/Connection.php(314): mysqli->query()
#1 /var/www/millebytes/vendor/codeigniter4/framework/system/Database/BaseConnection.php(715): CodeIgniter\Database\MySQLi\Connection->execute()
#2 /var/www/millebytes/vendor/codeigniter4/framework/system/Database/BaseConnection.php(643): CodeIgniter\Database\BaseConnection->simpleQuery()
#3 /var/www/millebytes/app/Views/profile.php(8): CodeIgniter\Database\BaseConnection->query()
#4 /var/www/millebytes/vendor/codeigniter4/framework/system/View/View.php(220): include('/var/www/milleb...')
#5 /var/www/millebytes/vendor/codeigniter4/framework/system/View/View.php(222): CodeIgniter\View\View->CodeIgniter\View\{closure}()
#6 /var/www/millebytes/vendor/codeigniter4/framework/system/Common.php(1217): CodeIgniter\View\View->render()
#7 /var/www/millebytes/app/Controllers/User.php(226): view()
#8 /var/www/millebytes/vendor/codeigniter4/framework/system/CodeIgniter.php(935): App\Controllers\User->profilo()
#9 /var/www/millebytes/vendor/codeigniter4/framework/system/CodeIgniter.php(431): CodeIgniter\CodeIgniter->runController()
#10 /var/www/millebytes/vendor/codeigniter4/framework/system/CodeIgniter.php(332): CodeIgniter\CodeIgniter->handleRequest()
#11 /var/www/millebytes/index.php(44): CodeIgniter\CodeIgniter->run()
#12 {main}
ERROR - 2022-02-11 05:10:21 --> mysqli_sql_exception: Table 'millebytesdb.works' doesn't exist in /var/www/millebytes/vendor/codeigniter4/framework/system/Database/MySQLi/Connection.php:314
Stack trace:
#0 /var/www/millebytes/vendor/codeigniter4/framework/system/Database/MySQLi/Connection.php(314): mysqli->query()
#1 /var/www/millebytes/vendor/codeigniter4/framework/system/Database/BaseConnection.php(715): CodeIgniter\Database\MySQLi\Connection->execute()
#2 /var/www/millebytes/vendor/codeigniter4/framework/system/Database/BaseConnection.php(643): CodeIgniter\Database\BaseConnection->simpleQuery()
#3 /var/www/millebytes/app/Views/profile.php(8): CodeIgniter\Database\BaseConnection->query()
#4 /var/www/millebytes/vendor/codeigniter4/framework/system/View/View.php(220): include('/var/www/milleb...')
#5 /var/www/millebytes/vendor/codeigniter4/framework/system/View/View.php(222): CodeIgniter\View\View->CodeIgniter\View\{closure}()
#6 /var/www/millebytes/vendor/codeigniter4/framework/system/Common.php(1217): CodeIgniter\View\View->render()
#7 /var/www/millebytes/app/Controllers/User.php(226): view()
#8 /var/www/millebytes/vendor/codeigniter4/framework/system/CodeIgniter.php(935): App\Controllers\User->profilo()
#9 /var/www/millebytes/vendor/codeigniter4/framework/system/CodeIgniter.php(431): CodeIgniter\CodeIgniter->runController()
#10 /var/www/millebytes/vendor/codeigniter4/framework/system/CodeIgniter.php(332): CodeIgniter\CodeIgniter->handleRequest()
#11 /var/www/millebytes/index.php(44): CodeIgniter\CodeIgniter->run()
#12 {main}
ERROR - 2022-02-11 05:28:09 --> mysqli_sql_exception: Table 'millebytesdb.works' doesn't exist in /var/www/millebytes/vendor/codeigniter4/framework/system/Database/MySQLi/Connection.php:314
Stack trace:
#0 /var/www/millebytes/vendor/codeigniter4/framework/system/Database/MySQLi/Connection.php(314): mysqli->query()
#1 /var/www/millebytes/vendor/codeigniter4/framework/system/Database/BaseConnection.php(715): CodeIgniter\Database\MySQLi\Connection->execute()
#2 /var/www/millebytes/vendor/codeigniter4/framework/system/Database/BaseConnection.php(643): CodeIgniter\Database\BaseConnection->simpleQuery()
#3 /var/www/millebytes/app/Views/profile.php(8): CodeIgniter\Database\BaseConnection->query()
#4 /var/www/millebytes/vendor/codeigniter4/framework/system/View/View.php(220): include('/var/www/milleb...')
#5 /var/www/millebytes/vendor/codeigniter4/framework/system/View/View.php(222): CodeIgniter\View\View->CodeIgniter\View\{closure}()
#6 /var/www/millebytes/vendor/codeigniter4/framework/system/Common.php(1217): CodeIgniter\View\View->render()
#7 /var/www/millebytes/app/Controllers/User.php(226): view()
#8 /var/www/millebytes/vendor/codeigniter4/framework/system/CodeIgniter.php(935): App\Controllers\User->profilo()
#9 /var/www/millebytes/vendor/codeigniter4/framework/system/CodeIgniter.php(431): CodeIgniter\CodeIgniter->runController()
#10 /var/www/millebytes/vendor/codeigniter4/framework/system/CodeIgniter.php(332): CodeIgniter\CodeIgniter->handleRequest()
#11 /var/www/millebytes/index.php(44): CodeIgniter\CodeIgniter->run()
#12 {main}
ERROR - 2022-02-11 05:39:48 --> mysqli_sql_exception: Table 'millebytesdb.works' doesn't exist in /var/www/millebytes/vendor/codeigniter4/framework/system/Database/MySQLi/Connection.php:314
Stack trace:
#0 /var/www/millebytes/vendor/codeigniter4/framework/system/Database/MySQLi/Connection.php(314): mysqli->query()
#1 /var/www/millebytes/vendor/codeigniter4/framework/system/Database/BaseConnection.php(715): CodeIgniter\Database\MySQLi\Connection->execute()
#2 /var/www/millebytes/vendor/codeigniter4/framework/system/Database/BaseConnection.php(643): CodeIgniter\Database\BaseConnection->simpleQuery()
#3 /var/www/millebytes/app/Views/profile.php(8): CodeIgniter\Database\BaseConnection->query()
#4 /var/www/millebytes/vendor/codeigniter4/framework/system/View/View.php(220): include('/var/www/milleb...')
#5 /var/www/millebytes/vendor/codeigniter4/framework/system/View/View.php(222): CodeIgniter\View\View->CodeIgniter\View\{closure}()
#6 /var/www/millebytes/vendor/codeigniter4/framework/system/Common.php(1217): CodeIgniter\View\View->render()
#7 /var/www/millebytes/app/Controllers/User.php(226): view()
#8 /var/www/millebytes/vendor/codeigniter4/framework/system/CodeIgniter.php(935): App\Controllers\User->profilo()
#9 /var/www/millebytes/vendor/codeigniter4/framework/system/CodeIgniter.php(431): CodeIgniter\CodeIgniter->runController()
#10 /var/www/millebytes/vendor/codeigniter4/framework/system/CodeIgniter.php(332): CodeIgniter\CodeIgniter->handleRequest()
#11 /var/www/millebytes/index.php(44): CodeIgniter\CodeIgniter->run()
#12 {main}
ERROR - 2022-02-11 08:19:04 --> mysqli_sql_exception: Table 'millebytesdb.works' doesn't exist in /var/www/millebytes/vendor/codeigniter4/framework/system/Database/MySQLi/Connection.php:314
Stack trace:
#0 /var/www/millebytes/vendor/codeigniter4/framework/system/Database/MySQLi/Connection.php(314): mysqli->query()
#1 /var/www/millebytes/vendor/codeigniter4/framework/system/Database/BaseConnection.php(715): CodeIgniter\Database\MySQLi\Connection->execute()
#2 /var/www/millebytes/vendor/codeigniter4/framework/system/Database/BaseConnection.php(643): CodeIgniter\Database\BaseConnection->simpleQuery()
#3 /var/www/millebytes/app/Views/profile.php(8): CodeIgniter\Database\BaseConnection->query()
#4 /var/www/millebytes/vendor/codeigniter4/framework/system/View/View.php(220): include('/var/www/milleb...')
#5 /var/www/millebytes/vendor/codeigniter4/framework/system/View/View.php(222): CodeIgniter\View\View->CodeIgniter\View\{closure}()
#6 /var/www/millebytes/vendor/codeigniter4/framework/system/Common.php(1217): CodeIgniter\View\View->render()
#7 /var/www/millebytes/app/Controllers/User.php(226): view()
#8 /var/www/millebytes/vendor/codeigniter4/framework/system/CodeIgniter.php(935): App\Controllers\User->profilo()
#9 /var/www/millebytes/vendor/codeigniter4/framework/system/CodeIgniter.php(431): CodeIgniter\CodeIgniter->runController()
#10 /var/www/millebytes/vendor/codeigniter4/framework/system/CodeIgniter.php(332): CodeIgniter\CodeIgniter->handleRequest()
#11 /var/www/millebytes/index.php(44): CodeIgniter\CodeIgniter->run()
#12 {main}
ERROR - 2022-02-11 09:07:53 --> mysqli_sql_exception: Table 'millebytesdb.works' doesn't exist in /var/www/millebytes/vendor/codeigniter4/framework/system/Database/MySQLi/Connection.php:314
Stack trace:
#0 /var/www/millebytes/vendor/codeigniter4/framework/system/Database/MySQLi/Connection.php(314): mysqli->query()
#1 /var/www/millebytes/vendor/codeigniter4/framework/system/Database/BaseConnection.php(715): CodeIgniter\Database\MySQLi\Connection->execute()
#2 /var/www/millebytes/vendor/codeigniter4/framework/system/Database/BaseConnection.php(643): CodeIgniter\Database\BaseConnection->simpleQuery()
#3 /var/www/millebytes/app/Views/profile.php(8): CodeIgniter\Database\BaseConnection->query()
#4 /var/www/millebytes/vendor/codeigniter4/framework/system/View/View.php(220): include('/var/www/milleb...')
#5 /var/www/millebytes/vendor/codeigniter4/framework/system/View/View.php(222): CodeIgniter\View\View->CodeIgniter\View\{closure}()
#6 /var/www/millebytes/vendor/codeigniter4/framework/system/Common.php(1217): CodeIgniter\View\View->render()
#7 /var/www/millebytes/app/Controllers/User.php(226): view()
#8 /var/www/millebytes/vendor/codeigniter4/framework/system/CodeIgniter.php(935): App\Controllers\User->profilo()
#9 /var/www/millebytes/vendor/codeigniter4/framework/system/CodeIgniter.php(431): CodeIgniter\CodeIgniter->runController()
#10 /var/www/millebytes/vendor/codeigniter4/framework/system/CodeIgniter.php(332): CodeIgniter\CodeIgniter->handleRequest()
#11 /var/www/millebytes/index.php(44): CodeIgniter\CodeIgniter->run()
#12 {main}
ERROR - 2022-02-11 10:34:30 --> mysqli_sql_exception: Table 'millebytesdb.works' doesn't exist in /var/www/millebytes/vendor/codeigniter4/framework/system/Database/MySQLi/Connection.php:314
Stack trace:
#0 /var/www/millebytes/vendor/codeigniter4/framework/system/Database/MySQLi/Connection.php(314): mysqli->query()
#1 /var/www/millebytes/vendor/codeigniter4/framework/system/Database/BaseConnection.php(715): CodeIgniter\Database\MySQLi\Connection->execute()
#2 /var/www/millebytes/vendor/codeigniter4/framework/system/Database/BaseConnection.php(643): CodeIgniter\Database\BaseConnection->simpleQuery()
#3 /var/www/millebytes/app/Views/profile.php(8): CodeIgniter\Database\BaseConnection->query()
#4 /var/www/millebytes/vendor/codeigniter4/framework/system/View/View.php(220): include('/var/www/milleb...')
#5 /var/www/millebytes/vendor/codeigniter4/framework/system/View/View.php(222): CodeIgniter\View\View->CodeIgniter\View\{closure}()
#6 /var/www/millebytes/vendor/codeigniter4/framework/system/Common.php(1217): CodeIgniter\View\View->render()
#7 /var/www/millebytes/app/Controllers/User.php(226): view()
#8 /var/www/millebytes/vendor/codeigniter4/framework/system/CodeIgniter.php(935): App\Controllers\User->profilo()
#9 /var/www/millebytes/vendor/codeigniter4/framework/system/CodeIgniter.php(431): CodeIgniter\CodeIgniter->runController()
#10 /var/www/millebytes/vendor/codeigniter4/framework/system/CodeIgniter.php(332): CodeIgniter\CodeIgniter->handleRequest()
#11 /var/www/millebytes/index.php(44): CodeIgniter\CodeIgniter->run()
#12 {main}
ERROR - 2022-02-11 11:12:07 --> mysqli_sql_exception: Table 'millebytesdb.works' doesn't exist in /var/www/millebytes/vendor/codeigniter4/framework/system/Database/MySQLi/Connection.php:314
Stack trace:
#0 /var/www/millebytes/vendor/codeigniter4/framework/system/Database/MySQLi/Connection.php(314): mysqli->query()
#1 /var/www/millebytes/vendor/codeigniter4/framework/system/Database/BaseConnection.php(715): CodeIgniter\Database\MySQLi\Connection->execute()
#2 /var/www/millebytes/vendor/codeigniter4/framework/system/Database/BaseConnection.php(643): CodeIgniter\Database\BaseConnection->simpleQuery()
#3 /var/www/millebytes/app/Views/profile.php(8): CodeIgniter\Database\BaseConnection->query()
#4 /var/www/millebytes/vendor/codeigniter4/framework/system/View/View.php(220): include('/var/www/milleb...')
#5 /var/www/millebytes/vendor/codeigniter4/framework/system/View/View.php(222): CodeIgniter\View\View->CodeIgniter\View\{closure}()
#6 /var/www/millebytes/vendor/codeigniter4/framework/system/Common.php(1217): CodeIgniter\View\View->render()
#7 /var/www/millebytes/app/Controllers/User.php(226): view()
#8 /var/www/millebytes/vendor/codeigniter4/framework/system/CodeIgniter.php(935): App\Controllers\User->profilo()
#9 /var/www/millebytes/vendor/codeigniter4/framework/system/CodeIgniter.php(431): CodeIgniter\CodeIgniter->runController()
#10 /var/www/millebytes/vendor/codeigniter4/framework/system/CodeIgniter.php(332): CodeIgniter\CodeIgniter->handleRequest()
#11 /var/www/millebytes/index.php(44): CodeIgniter\CodeIgniter->run()
#12 {main}
ERROR - 2022-02-11 11:46:48 --> mysqli_sql_exception: Table 'millebytesdb.works' doesn't exist in /var/www/millebytes/vendor/codeigniter4/framework/system/Database/MySQLi/Connection.php:314
Stack trace:
#0 /var/www/millebytes/vendor/codeigniter4/framework/system/Database/MySQLi/Connection.php(314): mysqli->query()
#1 /var/www/millebytes/vendor/codeigniter4/framework/system/Database/BaseConnection.php(715): CodeIgniter\Database\MySQLi\Connection->execute()
#2 /var/www/millebytes/vendor/codeigniter4/framework/system/Database/BaseConnection.php(643): CodeIgniter\Database\BaseConnection->simpleQuery()
#3 /var/www/millebytes/app/Views/profile.php(8): CodeIgniter\Database\BaseConnection->query()
#4 /var/www/millebytes/vendor/codeigniter4/framework/system/View/View.php(220): include('/var/www/milleb...')
#5 /var/www/millebytes/vendor/codeigniter4/framework/system/View/View.php(222): CodeIgniter\View\View->CodeIgniter\View\{closure}()
#6 /var/www/millebytes/vendor/codeigniter4/framework/system/Common.php(1217): CodeIgniter\View\View->render()
#7 /var/www/millebytes/app/Controllers/User.php(226): view()
#8 /var/www/millebytes/vendor/codeigniter4/framework/system/CodeIgniter.php(935): App\Controllers\User->profilo()
#9 /var/www/millebytes/vendor/codeigniter4/framework/system/CodeIgniter.php(431): CodeIgniter\CodeIgniter->runController()
#10 /var/www/millebytes/vendor/codeigniter4/framework/system/CodeIgniter.php(332): CodeIgniter\CodeIgniter->handleRequest()
#11 /var/www/millebytes/index.php(44): CodeIgniter\CodeIgniter->run()
#12 {main}
ERROR - 2022-02-11 12:13:02 --> mysqli_sql_exception: Table 'millebytesdb.works' doesn't exist in /var/www/millebytes/vendor/codeigniter4/framework/system/Database/MySQLi/Connection.php:314
Stack trace:
#0 /var/www/millebytes/vendor/codeigniter4/framework/system/Database/MySQLi/Connection.php(314): mysqli->query()
#1 /var/www/millebytes/vendor/codeigniter4/framework/system/Database/BaseConnection.php(715): CodeIgniter\Database\MySQLi\Connection->execute()
#2 /var/www/millebytes/vendor/codeigniter4/framework/system/Database/BaseConnection.php(643): CodeIgniter\Database\BaseConnection->simpleQuery()
#3 /var/www/millebytes/app/Views/profile.php(8): CodeIgniter\Database\BaseConnection->query()
#4 /var/www/millebytes/vendor/codeigniter4/framework/system/View/View.php(220): include('/var/www/milleb...')
#5 /var/www/millebytes/vendor/codeigniter4/framework/system/View/View.php(222): CodeIgniter\View\View->CodeIgniter\View\{closure}()
#6 /var/www/millebytes/vendor/codeigniter4/framework/system/Common.php(1217): CodeIgniter\View\View->render()
#7 /var/www/millebytes/app/Controllers/User.php(226): view()
#8 /var/www/millebytes/vendor/codeigniter4/framework/system/CodeIgniter.php(935): App\Controllers\User->profilo()
#9 /var/www/millebytes/vendor/codeigniter4/framework/system/CodeIgniter.php(431): CodeIgniter\CodeIgniter->runController()
#10 /var/www/millebytes/vendor/codeigniter4/framework/system/CodeIgniter.php(332): CodeIgniter\CodeIgniter->handleRequest()
#11 /var/www/millebytes/index.php(44): CodeIgniter\CodeIgniter->run()
#12 {main}
ERROR - 2022-02-11 13:15:13 --> mysqli_sql_exception: Table 'millebytesdb.works' doesn't exist in /var/www/millebytes/vendor/codeigniter4/framework/system/Database/MySQLi/Connection.php:314
Stack trace:
#0 /var/www/millebytes/vendor/codeigniter4/framework/system/Database/MySQLi/Connection.php(314): mysqli->query()
#1 /var/www/millebytes/vendor/codeigniter4/framework/system/Database/BaseConnection.php(715): CodeIgniter\Database\MySQLi\Connection->execute()
#2 /var/www/millebytes/vendor/codeigniter4/framework/system/Database/BaseConnection.php(643): CodeIgniter\Database\BaseConnection->simpleQuery()
#3 /var/www/millebytes/app/Views/profile.php(8): CodeIgniter\Database\BaseConnection->query()
#4 /var/www/millebytes/vendor/codeigniter4/framework/system/View/View.php(220): include('/var/www/milleb...')
#5 /var/www/millebytes/vendor/codeigniter4/framework/system/View/View.php(222): CodeIgniter\View\View->CodeIgniter\View\{closure}()
#6 /var/www/millebytes/vendor/codeigniter4/framework/system/Common.php(1217): CodeIgniter\View\View->render()
#7 /var/www/millebytes/app/Controllers/User.php(226): view()
#8 /var/www/millebytes/vendor/codeigniter4/framework/system/CodeIgniter.php(935): App\Controllers\User->profilo()
#9 /var/www/millebytes/vendor/codeigniter4/framework/system/CodeIgniter.php(431): CodeIgniter\CodeIgniter->runController()
#10 /var/www/millebytes/vendor/codeigniter4/framework/system/CodeIgniter.php(332): CodeIgniter\CodeIgniter->handleRequest()
#11 /var/www/millebytes/index.php(44): CodeIgniter\CodeIgniter->run()
#12 {main}
ERROR - 2022-02-11 13:58:13 --> mysqli_sql_exception: Table 'millebytesdb.works' doesn't exist in /var/www/millebytes/vendor/codeigniter4/framework/system/Database/MySQLi/Connection.php:314
Stack trace:
#0 /var/www/millebytes/vendor/codeigniter4/framework/system/Database/MySQLi/Connection.php(314): mysqli->query()
#1 /var/www/millebytes/vendor/codeigniter4/framework/system/Database/BaseConnection.php(715): CodeIgniter\Database\MySQLi\Connection->execute()
#2 /var/www/millebytes/vendor/codeigniter4/framework/system/Database/BaseConnection.php(643): CodeIgniter\Database\BaseConnection->simpleQuery()
#3 /var/www/millebytes/app/Views/profile.php(8): CodeIgniter\Database\BaseConnection->query()
#4 /var/www/millebytes/vendor/codeigniter4/framework/system/View/View.php(220): include('/var/www/milleb...')
#5 /var/www/millebytes/vendor/codeigniter4/framework/system/View/View.php(222): CodeIgniter\View\View->CodeIgniter\View\{closure}()
#6 /var/www/millebytes/vendor/codeigniter4/framework/system/Common.php(1217): CodeIgniter\View\View->render()
#7 /var/www/millebytes/app/Controllers/User.php(226): view()
#8 /var/www/millebytes/vendor/codeigniter4/framework/system/CodeIgniter.php(935): App\Controllers\User->profilo()
#9 /var/www/millebytes/vendor/codeigniter4/framework/system/CodeIgniter.php(431): CodeIgniter\CodeIgniter->runController()
#10 /var/www/millebytes/vendor/codeigniter4/framework/system/CodeIgniter.php(332): CodeIgniter\CodeIgniter->handleRequest()
#11 /var/www/millebytes/index.php(44): CodeIgniter\CodeIgniter->run()
#12 {main}
ERROR - 2022-02-11 13:58:39 --> mysqli_sql_exception: Table 'millebytesdb.works' doesn't exist in /var/www/millebytes/vendor/codeigniter4/framework/system/Database/MySQLi/Connection.php:314
Stack trace:
#0 /var/www/millebytes/vendor/codeigniter4/framework/system/Database/MySQLi/Connection.php(314): mysqli->query()
#1 /var/www/millebytes/vendor/codeigniter4/framework/system/Database/BaseConnection.php(715): CodeIgniter\Database\MySQLi\Connection->execute()
#2 /var/www/millebytes/vendor/codeigniter4/framework/system/Database/BaseConnection.php(643): CodeIgniter\Database\BaseConnection->simpleQuery()
#3 /var/www/millebytes/app/Views/profile.php(8): CodeIgniter\Database\BaseConnection->query()
#4 /var/www/millebytes/vendor/codeigniter4/framework/system/View/View.php(220): include('/var/www/milleb...')
#5 /var/www/millebytes/vendor/codeigniter4/framework/system/View/View.php(222): CodeIgniter\View\View->CodeIgniter\View\{closure}()
#6 /var/www/millebytes/vendor/codeigniter4/framework/system/Common.php(1217): CodeIgniter\View\View->render()
#7 /var/www/millebytes/app/Controllers/User.php(226): view()
#8 /var/www/millebytes/vendor/codeigniter4/framework/system/CodeIgniter.php(935): App\Controllers\User->profilo()
#9 /var/www/millebytes/vendor/codeigniter4/framework/system/CodeIgniter.php(431): CodeIgniter\CodeIgniter->runController()
#10 /var/www/millebytes/vendor/codeigniter4/framework/system/CodeIgniter.php(332): CodeIgniter\CodeIgniter->handleRequest()
#11 /var/www/millebytes/index.php(44): CodeIgniter\CodeIgniter->run()
#12 {main}
ERROR - 2022-02-11 15:55:48 --> mysqli_sql_exception: Table 'millebytesdb.works' doesn't exist in /var/www/millebytes/vendor/codeigniter4/framework/system/Database/MySQLi/Connection.php:314
Stack trace:
#0 /var/www/millebytes/vendor/codeigniter4/framework/system/Database/MySQLi/Connection.php(314): mysqli->query()
#1 /var/www/millebytes/vendor/codeigniter4/framework/system/Database/BaseConnection.php(715): CodeIgniter\Database\MySQLi\Connection->execute()
#2 /var/www/millebytes/vendor/codeigniter4/framework/system/Database/BaseConnection.php(643): CodeIgniter\Database\BaseConnection->simpleQuery()
#3 /var/www/millebytes/app/Views/profile.php(8): CodeIgniter\Database\BaseConnection->query()
#4 /var/www/millebytes/vendor/codeigniter4/framework/system/View/View.php(220): include('/var/www/milleb...')
#5 /var/www/millebytes/vendor/codeigniter4/framework/system/View/View.php(222): CodeIgniter\View\View->CodeIgniter\View\{closure}()
#6 /var/www/millebytes/vendor/codeigniter4/framework/system/Common.php(1217): CodeIgniter\View\View->render()
#7 /var/www/millebytes/app/Controllers/User.php(226): view()
#8 /var/www/millebytes/vendor/codeigniter4/framework/system/CodeIgniter.php(935): App\Controllers\User->profilo()
#9 /var/www/millebytes/vendor/codeigniter4/framework/system/CodeIgniter.php(431): CodeIgniter\CodeIgniter->runController()
#10 /var/www/millebytes/vendor/codeigniter4/framework/system/CodeIgniter.php(332): CodeIgniter\CodeIgniter->handleRequest()
#11 /var/www/millebytes/index.php(44): CodeIgniter\CodeIgniter->run()
#12 {main}
