ERROR - 2024-03-02 03:40:20 --> mysqli_sql_exception: Table 'millebytesdb.works' doesn't exist in /var/www/millebytes/vendor/codeigniter4/framework/system/Database/MySQLi/Connection.php:314
Stack trace:
#0 /var/www/millebytes/vendor/codeigniter4/framework/system/Database/MySQLi/Connection.php(314): mysqli->query()
#1 /var/www/millebytes/vendor/codeigniter4/framework/system/Database/BaseConnection.php(715): CodeIgniter\Database\MySQLi\Connection->execute()
#2 /var/www/millebytes/vendor/codeigniter4/framework/system/Database/BaseConnection.php(643): CodeIgniter\Database\BaseConnection->simpleQuery()
#3 /var/www/millebytes/app/Views/profile.php(8): CodeIgniter\Database\BaseConnection->query()
#4 /var/www/millebytes/vendor/codeigniter4/framework/system/View/View.php(220): include('/var/www/milleb...')
#5 /var/www/millebytes/vendor/codeigniter4/framework/system/View/View.php(222): CodeIgniter\View\View->CodeIgniter\View\{closure}()
#6 /var/www/millebytes/vendor/codeigniter4/framework/system/Common.php(1217): CodeIgniter\View\View->render()
#7 /var/www/millebytes/app/Controllers/User.php(234): view()
#8 /var/www/millebytes/vendor/codeigniter4/framework/system/CodeIgniter.php(935): App\Controllers\User->profilo()
#9 /var/www/millebytes/vendor/codeigniter4/framework/system/CodeIgniter.php(431): CodeIgniter\CodeIgniter->runController()
#10 /var/www/millebytes/vendor/codeigniter4/framework/system/CodeIgniter.php(332): CodeIgniter\CodeIgniter->handleRequest()
#11 /var/www/millebytes/index.php(44): CodeIgniter\CodeIgniter->run()
#12 {main}
ERROR - 2024-03-02 03:43:19 --> mysqli_sql_exception: Table 'millebytesdb.works' doesn't exist in /var/www/millebytes/vendor/codeigniter4/framework/system/Database/MySQLi/Connection.php:314
Stack trace:
#0 /var/www/millebytes/vendor/codeigniter4/framework/system/Database/MySQLi/Connection.php(314): mysqli->query()
#1 /var/www/millebytes/vendor/codeigniter4/framework/system/Database/BaseConnection.php(715): CodeIgniter\Database\MySQLi\Connection->execute()
#2 /var/www/millebytes/vendor/codeigniter4/framework/system/Database/BaseConnection.php(643): CodeIgniter\Database\BaseConnection->simpleQuery()
#3 /var/www/millebytes/app/Views/profile.php(8): CodeIgniter\Database\BaseConnection->query()
#4 /var/www/millebytes/vendor/codeigniter4/framework/system/View/View.php(220): include('/var/www/milleb...')
#5 /var/www/millebytes/vendor/codeigniter4/framework/system/View/View.php(222): CodeIgniter\View\View->CodeIgniter\View\{closure}()
#6 /var/www/millebytes/vendor/codeigniter4/framework/system/Common.php(1217): CodeIgniter\View\View->render()
#7 /var/www/millebytes/app/Controllers/User.php(234): view()
#8 /var/www/millebytes/vendor/codeigniter4/framework/system/CodeIgniter.php(935): App\Controllers\User->profilo()
#9 /var/www/millebytes/vendor/codeigniter4/framework/system/CodeIgniter.php(431): CodeIgniter\CodeIgniter->runController()
#10 /var/www/millebytes/vendor/codeigniter4/framework/system/CodeIgniter.php(332): CodeIgniter\CodeIgniter->handleRequest()
#11 /var/www/millebytes/index.php(44): CodeIgniter\CodeIgniter->run()
#12 {main}
ERROR - 2024-03-02 08:24:12 --> mysqli_sql_exception: You have an error in your SQL syntax; check the manual that corresponds to your MySQL server version for the right syntax to use near '' at line 3 in /var/www/millebytes/vendor/codeigniter4/framework/system/Database/MySQLi/Connection.php:314
Stack trace:
#0 /var/www/millebytes/vendor/codeigniter4/framework/system/Database/MySQLi/Connection.php(314): mysqli->query()
#1 /var/www/millebytes/vendor/codeigniter4/framework/system/Database/BaseConnection.php(715): CodeIgniter\Database\MySQLi\Connection->execute()
#2 /var/www/millebytes/vendor/codeigniter4/framework/system/Database/BaseConnection.php(643): CodeIgniter\Database\BaseConnection->simpleQuery()
#3 /var/www/millebytes/app/Views/profile.php(8): CodeIgniter\Database\BaseConnection->query()
#4 /var/www/millebytes/vendor/codeigniter4/framework/system/View/View.php(220): include('/var/www/milleb...')
#5 /var/www/millebytes/vendor/codeigniter4/framework/system/View/View.php(222): CodeIgniter\View\View->CodeIgniter\View\{closure}()
#6 /var/www/millebytes/vendor/codeigniter4/framework/system/Common.php(1217): CodeIgniter\View\View->render()
#7 /var/www/millebytes/app/Controllers/User.php(234): view()
#8 /var/www/millebytes/vendor/codeigniter4/framework/system/CodeIgniter.php(935): App\Controllers\User->profilo()
#9 /var/www/millebytes/vendor/codeigniter4/framework/system/CodeIgniter.php(431): CodeIgniter\CodeIgniter->runController()
#10 /var/www/millebytes/vendor/codeigniter4/framework/system/CodeIgniter.php(332): CodeIgniter\CodeIgniter->handleRequest()
#11 /var/www/millebytes/index.php(44): CodeIgniter\CodeIgniter->run()
#12 {main}
ERROR - 2024-03-02 08:25:27 --> mysqli_sql_exception: You have an error in your SQL syntax; check the manual that corresponds to your MySQL server version for the right syntax to use near '' at line 3 in /var/www/millebytes/vendor/codeigniter4/framework/system/Database/MySQLi/Connection.php:314
Stack trace:
#0 /var/www/millebytes/vendor/codeigniter4/framework/system/Database/MySQLi/Connection.php(314): mysqli->query()
#1 /var/www/millebytes/vendor/codeigniter4/framework/system/Database/BaseConnection.php(715): CodeIgniter\Database\MySQLi\Connection->execute()
#2 /var/www/millebytes/vendor/codeigniter4/framework/system/Database/BaseConnection.php(643): CodeIgniter\Database\BaseConnection->simpleQuery()
#3 /var/www/millebytes/app/Views/profile.php(8): CodeIgniter\Database\BaseConnection->query()
#4 /var/www/millebytes/vendor/codeigniter4/framework/system/View/View.php(220): include('/var/www/milleb...')
#5 /var/www/millebytes/vendor/codeigniter4/framework/system/View/View.php(222): CodeIgniter\View\View->CodeIgniter\View\{closure}()
#6 /var/www/millebytes/vendor/codeigniter4/framework/system/Common.php(1217): CodeIgniter\View\View->render()
#7 /var/www/millebytes/app/Controllers/User.php(234): view()
#8 /var/www/millebytes/vendor/codeigniter4/framework/system/CodeIgniter.php(935): App\Controllers\User->profilo()
#9 /var/www/millebytes/vendor/codeigniter4/framework/system/CodeIgniter.php(431): CodeIgniter\CodeIgniter->runController()
#10 /var/www/millebytes/vendor/codeigniter4/framework/system/CodeIgniter.php(332): CodeIgniter\CodeIgniter->handleRequest()
#11 /var/www/millebytes/index.php(44): CodeIgniter\CodeIgniter->run()
#12 {main}
ERROR - 2024-03-02 08:25:36 --> mysqli_sql_exception: You have an error in your SQL syntax; check the manual that corresponds to your MySQL server version for the right syntax to use near '' at line 3 in /var/www/millebytes/vendor/codeigniter4/framework/system/Database/MySQLi/Connection.php:314
Stack trace:
#0 /var/www/millebytes/vendor/codeigniter4/framework/system/Database/MySQLi/Connection.php(314): mysqli->query()
#1 /var/www/millebytes/vendor/codeigniter4/framework/system/Database/BaseConnection.php(715): CodeIgniter\Database\MySQLi\Connection->execute()
#2 /var/www/millebytes/vendor/codeigniter4/framework/system/Database/BaseConnection.php(643): CodeIgniter\Database\BaseConnection->simpleQuery()
#3 /var/www/millebytes/app/Views/profile.php(8): CodeIgniter\Database\BaseConnection->query()
#4 /var/www/millebytes/vendor/codeigniter4/framework/system/View/View.php(220): include('/var/www/milleb...')
#5 /var/www/millebytes/vendor/codeigniter4/framework/system/View/View.php(222): CodeIgniter\View\View->CodeIgniter\View\{closure}()
#6 /var/www/millebytes/vendor/codeigniter4/framework/system/Common.php(1217): CodeIgniter\View\View->render()
#7 /var/www/millebytes/app/Controllers/User.php(234): view()
#8 /var/www/millebytes/vendor/codeigniter4/framework/system/CodeIgniter.php(935): App\Controllers\User->profilo()
#9 /var/www/millebytes/vendor/codeigniter4/framework/system/CodeIgniter.php(431): CodeIgniter\CodeIgniter->runController()
#10 /var/www/millebytes/vendor/codeigniter4/framework/system/CodeIgniter.php(332): CodeIgniter\CodeIgniter->handleRequest()
#11 /var/www/millebytes/index.php(44): CodeIgniter\CodeIgniter->run()
#12 {main}
ERROR - 2024-03-02 09:30:08 --> mysqli_sql_exception: You have an error in your SQL syntax; check the manual that corresponds to your MySQL server version for the right syntax to use near '' at line 3 in /var/www/millebytes/vendor/codeigniter4/framework/system/Database/MySQLi/Connection.php:314
Stack trace:
#0 /var/www/millebytes/vendor/codeigniter4/framework/system/Database/MySQLi/Connection.php(314): mysqli->query()
#1 /var/www/millebytes/vendor/codeigniter4/framework/system/Database/BaseConnection.php(715): CodeIgniter\Database\MySQLi\Connection->execute()
#2 /var/www/millebytes/vendor/codeigniter4/framework/system/Database/BaseConnection.php(643): CodeIgniter\Database\BaseConnection->simpleQuery()
#3 /var/www/millebytes/app/Views/profile.php(8): CodeIgniter\Database\BaseConnection->query()
#4 /var/www/millebytes/vendor/codeigniter4/framework/system/View/View.php(220): include('/var/www/milleb...')
#5 /var/www/millebytes/vendor/codeigniter4/framework/system/View/View.php(222): CodeIgniter\View\View->CodeIgniter\View\{closure}()
#6 /var/www/millebytes/vendor/codeigniter4/framework/system/Common.php(1217): CodeIgniter\View\View->render()
#7 /var/www/millebytes/app/Controllers/User.php(234): view()
#8 /var/www/millebytes/vendor/codeigniter4/framework/system/CodeIgniter.php(935): App\Controllers\User->profilo()
#9 /var/www/millebytes/vendor/codeigniter4/framework/system/CodeIgniter.php(431): CodeIgniter\CodeIgniter->runController()
#10 /var/www/millebytes/vendor/codeigniter4/framework/system/CodeIgniter.php(332): CodeIgniter\CodeIgniter->handleRequest()
#11 /var/www/millebytes/index.php(44): CodeIgniter\CodeIgniter->run()
#12 {main}
ERROR - 2024-03-02 10:58:02 --> mysqli_sql_exception: Table 'millebytesdb.works' doesn't exist in /var/www/millebytes/vendor/codeigniter4/framework/system/Database/MySQLi/Connection.php:314
Stack trace:
#0 /var/www/millebytes/vendor/codeigniter4/framework/system/Database/MySQLi/Connection.php(314): mysqli->query()
#1 /var/www/millebytes/vendor/codeigniter4/framework/system/Database/BaseConnection.php(715): CodeIgniter\Database\MySQLi\Connection->execute()
#2 /var/www/millebytes/vendor/codeigniter4/framework/system/Database/BaseConnection.php(643): CodeIgniter\Database\BaseConnection->simpleQuery()
#3 /var/www/millebytes/app/Views/profile.php(8): CodeIgniter\Database\BaseConnection->query()
#4 /var/www/millebytes/vendor/codeigniter4/framework/system/View/View.php(220): include('/var/www/milleb...')
#5 /var/www/millebytes/vendor/codeigniter4/framework/system/View/View.php(222): CodeIgniter\View\View->CodeIgniter\View\{closure}()
#6 /var/www/millebytes/vendor/codeigniter4/framework/system/Common.php(1217): CodeIgniter\View\View->render()
#7 /var/www/millebytes/app/Controllers/User.php(234): view()
#8 /var/www/millebytes/vendor/codeigniter4/framework/system/CodeIgniter.php(935): App\Controllers\User->profilo()
#9 /var/www/millebytes/vendor/codeigniter4/framework/system/CodeIgniter.php(431): CodeIgniter\CodeIgniter->runController()
#10 /var/www/millebytes/vendor/codeigniter4/framework/system/CodeIgniter.php(332): CodeIgniter\CodeIgniter->handleRequest()
#11 /var/www/millebytes/index.php(44): CodeIgniter\CodeIgniter->run()
#12 {main}
ERROR - 2024-03-02 11:45:24 --> mysqli_sql_exception: Table 'millebytesdb.works' doesn't exist in /var/www/millebytes/vendor/codeigniter4/framework/system/Database/MySQLi/Connection.php:314
Stack trace:
#0 /var/www/millebytes/vendor/codeigniter4/framework/system/Database/MySQLi/Connection.php(314): mysqli->query()
#1 /var/www/millebytes/vendor/codeigniter4/framework/system/Database/BaseConnection.php(715): CodeIgniter\Database\MySQLi\Connection->execute()
#2 /var/www/millebytes/vendor/codeigniter4/framework/system/Database/BaseConnection.php(643): CodeIgniter\Database\BaseConnection->simpleQuery()
#3 /var/www/millebytes/app/Views/profile.php(8): CodeIgniter\Database\BaseConnection->query()
#4 /var/www/millebytes/vendor/codeigniter4/framework/system/View/View.php(220): include('/var/www/milleb...')
#5 /var/www/millebytes/vendor/codeigniter4/framework/system/View/View.php(222): CodeIgniter\View\View->CodeIgniter\View\{closure}()
#6 /var/www/millebytes/vendor/codeigniter4/framework/system/Common.php(1217): CodeIgniter\View\View->render()
#7 /var/www/millebytes/app/Controllers/User.php(234): view()
#8 /var/www/millebytes/vendor/codeigniter4/framework/system/CodeIgniter.php(935): App\Controllers\User->profilo()
#9 /var/www/millebytes/vendor/codeigniter4/framework/system/CodeIgniter.php(431): CodeIgniter\CodeIgniter->runController()
#10 /var/www/millebytes/vendor/codeigniter4/framework/system/CodeIgniter.php(332): CodeIgniter\CodeIgniter->handleRequest()
#11 /var/www/millebytes/index.php(44): CodeIgniter\CodeIgniter->run()
#12 {main}
ERROR - 2024-03-02 15:11:01 --> mysqli_sql_exception: Table 'millebytesdb.works' doesn't exist in /var/www/millebytes/vendor/codeigniter4/framework/system/Database/MySQLi/Connection.php:314
Stack trace:
#0 /var/www/millebytes/vendor/codeigniter4/framework/system/Database/MySQLi/Connection.php(314): mysqli->query()
#1 /var/www/millebytes/vendor/codeigniter4/framework/system/Database/BaseConnection.php(715): CodeIgniter\Database\MySQLi\Connection->execute()
#2 /var/www/millebytes/vendor/codeigniter4/framework/system/Database/BaseConnection.php(643): CodeIgniter\Database\BaseConnection->simpleQuery()
#3 /var/www/millebytes/app/Views/profile.php(8): CodeIgniter\Database\BaseConnection->query()
#4 /var/www/millebytes/vendor/codeigniter4/framework/system/View/View.php(220): include('/var/www/milleb...')
#5 /var/www/millebytes/vendor/codeigniter4/framework/system/View/View.php(222): CodeIgniter\View\View->CodeIgniter\View\{closure}()
#6 /var/www/millebytes/vendor/codeigniter4/framework/system/Common.php(1217): CodeIgniter\View\View->render()
#7 /var/www/millebytes/app/Controllers/User.php(234): view()
#8 /var/www/millebytes/vendor/codeigniter4/framework/system/CodeIgniter.php(935): App\Controllers\User->profilo()
#9 /var/www/millebytes/vendor/codeigniter4/framework/system/CodeIgniter.php(431): CodeIgniter\CodeIgniter->runController()
#10 /var/www/millebytes/vendor/codeigniter4/framework/system/CodeIgniter.php(332): CodeIgniter\CodeIgniter->handleRequest()
#11 /var/www/millebytes/index.php(44): CodeIgniter\CodeIgniter->run()
#12 {main}
ERROR - 2024-03-02 20:30:17 --> mysqli_sql_exception: You have an error in your SQL syntax; check the manual that corresponds to your MySQL server version for the right syntax to use near '' at line 3 in /var/www/millebytes/vendor/codeigniter4/framework/system/Database/MySQLi/Connection.php:314
Stack trace:
#0 /var/www/millebytes/vendor/codeigniter4/framework/system/Database/MySQLi/Connection.php(314): mysqli->query()
#1 /var/www/millebytes/vendor/codeigniter4/framework/system/Database/BaseConnection.php(715): CodeIgniter\Database\MySQLi\Connection->execute()
#2 /var/www/millebytes/vendor/codeigniter4/framework/system/Database/BaseConnection.php(643): CodeIgniter\Database\BaseConnection->simpleQuery()
#3 /var/www/millebytes/app/Views/profile.php(8): CodeIgniter\Database\BaseConnection->query()
#4 /var/www/millebytes/vendor/codeigniter4/framework/system/View/View.php(220): include('/var/www/milleb...')
#5 /var/www/millebytes/vendor/codeigniter4/framework/system/View/View.php(222): CodeIgniter\View\View->CodeIgniter\View\{closure}()
#6 /var/www/millebytes/vendor/codeigniter4/framework/system/Common.php(1217): CodeIgniter\View\View->render()
#7 /var/www/millebytes/app/Controllers/User.php(234): view()
#8 /var/www/millebytes/vendor/codeigniter4/framework/system/CodeIgniter.php(935): App\Controllers\User->profilo()
#9 /var/www/millebytes/vendor/codeigniter4/framework/system/CodeIgniter.php(431): CodeIgniter\CodeIgniter->runController()
#10 /var/www/millebytes/vendor/codeigniter4/framework/system/CodeIgniter.php(332): CodeIgniter\CodeIgniter->handleRequest()
#11 /var/www/millebytes/index.php(44): CodeIgniter\CodeIgniter->run()
#12 {main}
ERROR - 2024-03-02 20:30:24 --> mysqli_sql_exception: You have an error in your SQL syntax; check the manual that corresponds to your MySQL server version for the right syntax to use near '' at line 3 in /var/www/millebytes/vendor/codeigniter4/framework/system/Database/MySQLi/Connection.php:314
Stack trace:
#0 /var/www/millebytes/vendor/codeigniter4/framework/system/Database/MySQLi/Connection.php(314): mysqli->query()
#1 /var/www/millebytes/vendor/codeigniter4/framework/system/Database/BaseConnection.php(715): CodeIgniter\Database\MySQLi\Connection->execute()
#2 /var/www/millebytes/vendor/codeigniter4/framework/system/Database/BaseConnection.php(643): CodeIgniter\Database\BaseConnection->simpleQuery()
#3 /var/www/millebytes/app/Views/profile.php(8): CodeIgniter\Database\BaseConnection->query()
#4 /var/www/millebytes/vendor/codeigniter4/framework/system/View/View.php(220): include('/var/www/milleb...')
#5 /var/www/millebytes/vendor/codeigniter4/framework/system/View/View.php(222): CodeIgniter\View\View->CodeIgniter\View\{closure}()
#6 /var/www/millebytes/vendor/codeigniter4/framework/system/Common.php(1217): CodeIgniter\View\View->render()
#7 /var/www/millebytes/app/Controllers/User.php(234): view()
#8 /var/www/millebytes/vendor/codeigniter4/framework/system/CodeIgniter.php(935): App\Controllers\User->profilo()
#9 /var/www/millebytes/vendor/codeigniter4/framework/system/CodeIgniter.php(431): CodeIgniter\CodeIgniter->runController()
#10 /var/www/millebytes/vendor/codeigniter4/framework/system/CodeIgniter.php(332): CodeIgniter\CodeIgniter->handleRequest()
#11 /var/www/millebytes/index.php(44): CodeIgniter\CodeIgniter->run()
#12 {main}
ERROR - 2024-03-02 21:02:50 --> mysqli_sql_exception: You have an error in your SQL syntax; check the manual that corresponds to your MySQL server version for the right syntax to use near '' at line 3 in /var/www/millebytes/vendor/codeigniter4/framework/system/Database/MySQLi/Connection.php:314
Stack trace:
#0 /var/www/millebytes/vendor/codeigniter4/framework/system/Database/MySQLi/Connection.php(314): mysqli->query()
#1 /var/www/millebytes/vendor/codeigniter4/framework/system/Database/BaseConnection.php(715): CodeIgniter\Database\MySQLi\Connection->execute()
#2 /var/www/millebytes/vendor/codeigniter4/framework/system/Database/BaseConnection.php(643): CodeIgniter\Database\BaseConnection->simpleQuery()
#3 /var/www/millebytes/app/Views/profile.php(8): CodeIgniter\Database\BaseConnection->query()
#4 /var/www/millebytes/vendor/codeigniter4/framework/system/View/View.php(220): include('/var/www/milleb...')
#5 /var/www/millebytes/vendor/codeigniter4/framework/system/View/View.php(222): CodeIgniter\View\View->CodeIgniter\View\{closure}()
#6 /var/www/millebytes/vendor/codeigniter4/framework/system/Common.php(1217): CodeIgniter\View\View->render()
#7 /var/www/millebytes/app/Controllers/User.php(234): view()
#8 /var/www/millebytes/vendor/codeigniter4/framework/system/CodeIgniter.php(935): App\Controllers\User->profilo()
#9 /var/www/millebytes/vendor/codeigniter4/framework/system/CodeIgniter.php(431): CodeIgniter\CodeIgniter->runController()
#10 /var/www/millebytes/vendor/codeigniter4/framework/system/CodeIgniter.php(332): CodeIgniter\CodeIgniter->handleRequest()
#11 /var/www/millebytes/index.php(44): CodeIgniter\CodeIgniter->run()
#12 {main}
ERROR - 2024-03-02 21:04:19 --> mysqli_sql_exception: You have an error in your SQL syntax; check the manual that corresponds to your MySQL server version for the right syntax to use near '' at line 3 in /var/www/millebytes/vendor/codeigniter4/framework/system/Database/MySQLi/Connection.php:314
Stack trace:
#0 /var/www/millebytes/vendor/codeigniter4/framework/system/Database/MySQLi/Connection.php(314): mysqli->query()
#1 /var/www/millebytes/vendor/codeigniter4/framework/system/Database/BaseConnection.php(715): CodeIgniter\Database\MySQLi\Connection->execute()
#2 /var/www/millebytes/vendor/codeigniter4/framework/system/Database/BaseConnection.php(643): CodeIgniter\Database\BaseConnection->simpleQuery()
#3 /var/www/millebytes/app/Views/profile.php(8): CodeIgniter\Database\BaseConnection->query()
#4 /var/www/millebytes/vendor/codeigniter4/framework/system/View/View.php(220): include('/var/www/milleb...')
#5 /var/www/millebytes/vendor/codeigniter4/framework/system/View/View.php(222): CodeIgniter\View\View->CodeIgniter\View\{closure}()
#6 /var/www/millebytes/vendor/codeigniter4/framework/system/Common.php(1217): CodeIgniter\View\View->render()
#7 /var/www/millebytes/app/Controllers/User.php(234): view()
#8 /var/www/millebytes/vendor/codeigniter4/framework/system/CodeIgniter.php(935): App\Controllers\User->profilo()
#9 /var/www/millebytes/vendor/codeigniter4/framework/system/CodeIgniter.php(431): CodeIgniter\CodeIgniter->runController()
#10 /var/www/millebytes/vendor/codeigniter4/framework/system/CodeIgniter.php(332): CodeIgniter\CodeIgniter->handleRequest()
#11 /var/www/millebytes/index.php(44): CodeIgniter\CodeIgniter->run()
#12 {main}
ERROR - 2024-03-02 21:06:46 --> mysqli_sql_exception: You have an error in your SQL syntax; check the manual that corresponds to your MySQL server version for the right syntax to use near '' at line 3 in /var/www/millebytes/vendor/codeigniter4/framework/system/Database/MySQLi/Connection.php:314
Stack trace:
#0 /var/www/millebytes/vendor/codeigniter4/framework/system/Database/MySQLi/Connection.php(314): mysqli->query()
#1 /var/www/millebytes/vendor/codeigniter4/framework/system/Database/BaseConnection.php(715): CodeIgniter\Database\MySQLi\Connection->execute()
#2 /var/www/millebytes/vendor/codeigniter4/framework/system/Database/BaseConnection.php(643): CodeIgniter\Database\BaseConnection->simpleQuery()
#3 /var/www/millebytes/app/Views/profile.php(8): CodeIgniter\Database\BaseConnection->query()
#4 /var/www/millebytes/vendor/codeigniter4/framework/system/View/View.php(220): include('/var/www/milleb...')
#5 /var/www/millebytes/vendor/codeigniter4/framework/system/View/View.php(222): CodeIgniter\View\View->CodeIgniter\View\{closure}()
#6 /var/www/millebytes/vendor/codeigniter4/framework/system/Common.php(1217): CodeIgniter\View\View->render()
#7 /var/www/millebytes/app/Controllers/User.php(234): view()
#8 /var/www/millebytes/vendor/codeigniter4/framework/system/CodeIgniter.php(935): App\Controllers\User->profilo()
#9 /var/www/millebytes/vendor/codeigniter4/framework/system/CodeIgniter.php(431): CodeIgniter\CodeIgniter->runController()
#10 /var/www/millebytes/vendor/codeigniter4/framework/system/CodeIgniter.php(332): CodeIgniter\CodeIgniter->handleRequest()
#11 /var/www/millebytes/index.php(44): CodeIgniter\CodeIgniter->run()
#12 {main}
ERROR - 2024-03-02 21:06:52 --> mysqli_sql_exception: You have an error in your SQL syntax; check the manual that corresponds to your MySQL server version for the right syntax to use near '' at line 3 in /var/www/millebytes/vendor/codeigniter4/framework/system/Database/MySQLi/Connection.php:314
Stack trace:
#0 /var/www/millebytes/vendor/codeigniter4/framework/system/Database/MySQLi/Connection.php(314): mysqli->query()
#1 /var/www/millebytes/vendor/codeigniter4/framework/system/Database/BaseConnection.php(715): CodeIgniter\Database\MySQLi\Connection->execute()
#2 /var/www/millebytes/vendor/codeigniter4/framework/system/Database/BaseConnection.php(643): CodeIgniter\Database\BaseConnection->simpleQuery()
#3 /var/www/millebytes/app/Views/profile.php(8): CodeIgniter\Database\BaseConnection->query()
#4 /var/www/millebytes/vendor/codeigniter4/framework/system/View/View.php(220): include('/var/www/milleb...')
#5 /var/www/millebytes/vendor/codeigniter4/framework/system/View/View.php(222): CodeIgniter\View\View->CodeIgniter\View\{closure}()
#6 /var/www/millebytes/vendor/codeigniter4/framework/system/Common.php(1217): CodeIgniter\View\View->render()
#7 /var/www/millebytes/app/Controllers/User.php(234): view()
#8 /var/www/millebytes/vendor/codeigniter4/framework/system/CodeIgniter.php(935): App\Controllers\User->profilo()
#9 /var/www/millebytes/vendor/codeigniter4/framework/system/CodeIgniter.php(431): CodeIgniter\CodeIgniter->runController()
#10 /var/www/millebytes/vendor/codeigniter4/framework/system/CodeIgniter.php(332): CodeIgniter\CodeIgniter->handleRequest()
#11 /var/www/millebytes/index.php(44): CodeIgniter\CodeIgniter->run()
#12 {main}
ERROR - 2024-03-02 21:25:16 --> mysqli_sql_exception: You have an error in your SQL syntax; check the manual that corresponds to your MySQL server version for the right syntax to use near '' at line 3 in /var/www/millebytes/vendor/codeigniter4/framework/system/Database/MySQLi/Connection.php:314
Stack trace:
#0 /var/www/millebytes/vendor/codeigniter4/framework/system/Database/MySQLi/Connection.php(314): mysqli->query()
#1 /var/www/millebytes/vendor/codeigniter4/framework/system/Database/BaseConnection.php(715): CodeIgniter\Database\MySQLi\Connection->execute()
#2 /var/www/millebytes/vendor/codeigniter4/framework/system/Database/BaseConnection.php(643): CodeIgniter\Database\BaseConnection->simpleQuery()
#3 /var/www/millebytes/app/Views/profile.php(8): CodeIgniter\Database\BaseConnection->query()
#4 /var/www/millebytes/vendor/codeigniter4/framework/system/View/View.php(220): include('/var/www/milleb...')
#5 /var/www/millebytes/vendor/codeigniter4/framework/system/View/View.php(222): CodeIgniter\View\View->CodeIgniter\View\{closure}()
#6 /var/www/millebytes/vendor/codeigniter4/framework/system/Common.php(1217): CodeIgniter\View\View->render()
#7 /var/www/millebytes/app/Controllers/User.php(234): view()
#8 /var/www/millebytes/vendor/codeigniter4/framework/system/CodeIgniter.php(935): App\Controllers\User->profilo()
#9 /var/www/millebytes/vendor/codeigniter4/framework/system/CodeIgniter.php(431): CodeIgniter\CodeIgniter->runController()
#10 /var/www/millebytes/vendor/codeigniter4/framework/system/CodeIgniter.php(332): CodeIgniter\CodeIgniter->handleRequest()
#11 /var/www/millebytes/index.php(44): CodeIgniter\CodeIgniter->run()
#12 {main}
ERROR - 2024-03-02 21:25:37 --> mysqli_sql_exception: You have an error in your SQL syntax; check the manual that corresponds to your MySQL server version for the right syntax to use near '' at line 3 in /var/www/millebytes/vendor/codeigniter4/framework/system/Database/MySQLi/Connection.php:314
Stack trace:
#0 /var/www/millebytes/vendor/codeigniter4/framework/system/Database/MySQLi/Connection.php(314): mysqli->query()
#1 /var/www/millebytes/vendor/codeigniter4/framework/system/Database/BaseConnection.php(715): CodeIgniter\Database\MySQLi\Connection->execute()
#2 /var/www/millebytes/vendor/codeigniter4/framework/system/Database/BaseConnection.php(643): CodeIgniter\Database\BaseConnection->simpleQuery()
#3 /var/www/millebytes/app/Views/profile.php(8): CodeIgniter\Database\BaseConnection->query()
#4 /var/www/millebytes/vendor/codeigniter4/framework/system/View/View.php(220): include('/var/www/milleb...')
#5 /var/www/millebytes/vendor/codeigniter4/framework/system/View/View.php(222): CodeIgniter\View\View->CodeIgniter\View\{closure}()
#6 /var/www/millebytes/vendor/codeigniter4/framework/system/Common.php(1217): CodeIgniter\View\View->render()
#7 /var/www/millebytes/app/Controllers/User.php(234): view()
#8 /var/www/millebytes/vendor/codeigniter4/framework/system/CodeIgniter.php(935): App\Controllers\User->profilo()
#9 /var/www/millebytes/vendor/codeigniter4/framework/system/CodeIgniter.php(431): CodeIgniter\CodeIgniter->runController()
#10 /var/www/millebytes/vendor/codeigniter4/framework/system/CodeIgniter.php(332): CodeIgniter\CodeIgniter->handleRequest()
#11 /var/www/millebytes/index.php(44): CodeIgniter\CodeIgniter->run()
#12 {main}
