ERROR - 2021-11-30 09:25:27 --> mysqli_sql_exception: Column 'user_id' cannot be null in /var/www/html/millebytes/vendor/codeigniter4/framework/system/Database/MySQLi/Connection.php:314
Stack trace:
#0 /var/www/html/millebytes/vendor/codeigniter4/framework/system/Database/MySQLi/Connection.php(314): mysqli->query()
#1 /var/www/html/millebytes/vendor/codeigniter4/framework/system/Database/BaseConnection.php(715): CodeIgniter\Database\MySQLi\Connection->execute()
#2 /var/www/html/millebytes/vendor/codeigniter4/framework/system/Database/BaseConnection.php(643): CodeIgniter\Database\BaseConnection->simpleQuery()
#3 /var/www/html/millebytes/vendor/codeigniter4/framework/system/Database/BaseBuilder.php(2265): CodeIgniter\Database\BaseConnection->query()
#4 /var/www/html/millebytes/app/Controllers/Home.php(140): CodeIgniter\Database\BaseBuilder->insert()
#5 /var/www/html/millebytes/vendor/codeigniter4/framework/system/CodeIgniter.php(935): App\Controllers\Home->cart()
#6 /var/www/html/millebytes/vendor/codeigniter4/framework/system/CodeIgniter.php(431): CodeIgniter\CodeIgniter->runController()
#7 /var/www/html/millebytes/vendor/codeigniter4/framework/system/CodeIgniter.php(332): CodeIgniter\CodeIgniter->handleRequest()
#8 /var/www/html/millebytes/index.php(44): CodeIgniter\CodeIgniter->run()
#9 {main}
ERROR - 2021-11-30 09:35:27 --> mysqli_sql_exception: Column 'user_id' cannot be null in /var/www/html/millebytes/vendor/codeigniter4/framework/system/Database/MySQLi/Connection.php:314
Stack trace:
#0 /var/www/html/millebytes/vendor/codeigniter4/framework/system/Database/MySQLi/Connection.php(314): mysqli->query()
#1 /var/www/html/millebytes/vendor/codeigniter4/framework/system/Database/BaseConnection.php(715): CodeIgniter\Database\MySQLi\Connection->execute()
#2 /var/www/html/millebytes/vendor/codeigniter4/framework/system/Database/BaseConnection.php(643): CodeIgniter\Database\BaseConnection->simpleQuery()
#3 /var/www/html/millebytes/vendor/codeigniter4/framework/system/Database/BaseBuilder.php(2265): CodeIgniter\Database\BaseConnection->query()
#4 /var/www/html/millebytes/app/Controllers/Home.php(141): CodeIgniter\Database\BaseBuilder->insert()
#5 /var/www/html/millebytes/vendor/codeigniter4/framework/system/CodeIgniter.php(935): App\Controllers\Home->cart()
#6 /var/www/html/millebytes/vendor/codeigniter4/framework/system/CodeIgniter.php(431): CodeIgniter\CodeIgniter->runController()
#7 /var/www/html/millebytes/vendor/codeigniter4/framework/system/CodeIgniter.php(332): CodeIgniter\CodeIgniter->handleRequest()
#8 /var/www/html/millebytes/index.php(44): CodeIgniter\CodeIgniter->run()
#9 {main}
ERROR - 2021-11-30 09:35:51 --> mysqli_sql_exception: Column 'user_id' cannot be null in /var/www/html/millebytes/vendor/codeigniter4/framework/system/Database/MySQLi/Connection.php:314
Stack trace:
#0 /var/www/html/millebytes/vendor/codeigniter4/framework/system/Database/MySQLi/Connection.php(314): mysqli->query()
#1 /var/www/html/millebytes/vendor/codeigniter4/framework/system/Database/BaseConnection.php(715): CodeIgniter\Database\MySQLi\Connection->execute()
#2 /var/www/html/millebytes/vendor/codeigniter4/framework/system/Database/BaseConnection.php(643): CodeIgniter\Database\BaseConnection->simpleQuery()
#3 /var/www/html/millebytes/vendor/codeigniter4/framework/system/Database/BaseBuilder.php(2265): CodeIgniter\Database\BaseConnection->query()
#4 /var/www/html/millebytes/app/Controllers/Home.php(141): CodeIgniter\Database\BaseBuilder->insert()
#5 /var/www/html/millebytes/vendor/codeigniter4/framework/system/CodeIgniter.php(935): App\Controllers\Home->cart()
#6 /var/www/html/millebytes/vendor/codeigniter4/framework/system/CodeIgniter.php(431): CodeIgniter\CodeIgniter->runController()
#7 /var/www/html/millebytes/vendor/codeigniter4/framework/system/CodeIgniter.php(332): CodeIgniter\CodeIgniter->handleRequest()
#8 /var/www/html/millebytes/index.php(44): CodeIgniter\CodeIgniter->run()
#9 {main}
ERROR - 2021-11-30 09:39:24 --> mysqli_sql_exception: Column 'user_id' cannot be null in /var/www/html/millebytes/vendor/codeigniter4/framework/system/Database/MySQLi/Connection.php:314
Stack trace:
#0 /var/www/html/millebytes/vendor/codeigniter4/framework/system/Database/MySQLi/Connection.php(314): mysqli->query()
#1 /var/www/html/millebytes/vendor/codeigniter4/framework/system/Database/BaseConnection.php(715): CodeIgniter\Database\MySQLi\Connection->execute()
#2 /var/www/html/millebytes/vendor/codeigniter4/framework/system/Database/BaseConnection.php(643): CodeIgniter\Database\BaseConnection->simpleQuery()
#3 /var/www/html/millebytes/vendor/codeigniter4/framework/system/Database/BaseBuilder.php(2265): CodeIgniter\Database\BaseConnection->query()
#4 /var/www/html/millebytes/app/Controllers/Home.php(141): CodeIgniter\Database\BaseBuilder->insert()
#5 /var/www/html/millebytes/vendor/codeigniter4/framework/system/CodeIgniter.php(935): App\Controllers\Home->cart()
#6 /var/www/html/millebytes/vendor/codeigniter4/framework/system/CodeIgniter.php(431): CodeIgniter\CodeIgniter->runController()
#7 /var/www/html/millebytes/vendor/codeigniter4/framework/system/CodeIgniter.php(332): CodeIgniter\CodeIgniter->handleRequest()
#8 /var/www/html/millebytes/index.php(44): CodeIgniter\CodeIgniter->run()
#9 {main}
ERROR - 2021-11-30 09:39:58 --> mysqli_sql_exception: Column 'user_id' cannot be null in /var/www/html/millebytes/vendor/codeigniter4/framework/system/Database/MySQLi/Connection.php:314
Stack trace:
#0 /var/www/html/millebytes/vendor/codeigniter4/framework/system/Database/MySQLi/Connection.php(314): mysqli->query()
#1 /var/www/html/millebytes/vendor/codeigniter4/framework/system/Database/BaseConnection.php(715): CodeIgniter\Database\MySQLi\Connection->execute()
#2 /var/www/html/millebytes/vendor/codeigniter4/framework/system/Database/BaseConnection.php(643): CodeIgniter\Database\BaseConnection->simpleQuery()
#3 /var/www/html/millebytes/vendor/codeigniter4/framework/system/Database/BaseBuilder.php(2265): CodeIgniter\Database\BaseConnection->query()
#4 /var/www/html/millebytes/app/Controllers/Home.php(141): CodeIgniter\Database\BaseBuilder->insert()
#5 /var/www/html/millebytes/vendor/codeigniter4/framework/system/CodeIgniter.php(935): App\Controllers\Home->cart()
#6 /var/www/html/millebytes/vendor/codeigniter4/framework/system/CodeIgniter.php(431): CodeIgniter\CodeIgniter->runController()
#7 /var/www/html/millebytes/vendor/codeigniter4/framework/system/CodeIgniter.php(332): CodeIgniter\CodeIgniter->handleRequest()
#8 /var/www/html/millebytes/index.php(44): CodeIgniter\CodeIgniter->run()
#9 {main}
ERROR - 2021-11-30 10:02:39 --> mysqli_sql_exception: Column 'user_id' cannot be null in /var/www/html/millebytes/vendor/codeigniter4/framework/system/Database/MySQLi/Connection.php:314
Stack trace:
#0 /var/www/html/millebytes/vendor/codeigniter4/framework/system/Database/MySQLi/Connection.php(314): mysqli->query()
#1 /var/www/html/millebytes/vendor/codeigniter4/framework/system/Database/BaseConnection.php(715): CodeIgniter\Database\MySQLi\Connection->execute()
#2 /var/www/html/millebytes/vendor/codeigniter4/framework/system/Database/BaseConnection.php(643): CodeIgniter\Database\BaseConnection->simpleQuery()
#3 /var/www/html/millebytes/vendor/codeigniter4/framework/system/Database/BaseBuilder.php(2265): CodeIgniter\Database\BaseConnection->query()
#4 /var/www/html/millebytes/app/Controllers/Home.php(141): CodeIgniter\Database\BaseBuilder->insert()
#5 /var/www/html/millebytes/vendor/codeigniter4/framework/system/CodeIgniter.php(935): App\Controllers\Home->cart()
#6 /var/www/html/millebytes/vendor/codeigniter4/framework/system/CodeIgniter.php(431): CodeIgniter\CodeIgniter->runController()
#7 /var/www/html/millebytes/vendor/codeigniter4/framework/system/CodeIgniter.php(332): CodeIgniter\CodeIgniter->handleRequest()
#8 /var/www/html/millebytes/index.php(44): CodeIgniter\CodeIgniter->run()
#9 {main}
ERROR - 2021-11-30 10:04:44 --> mysqli_sql_exception: Table 'millebytes_testdb.works' doesn't exist in /var/www/html/millebytes/vendor/codeigniter4/framework/system/Database/MySQLi/Connection.php:314
Stack trace:
#0 /var/www/html/millebytes/vendor/codeigniter4/framework/system/Database/MySQLi/Connection.php(314): mysqli->query()
#1 /var/www/html/millebytes/vendor/codeigniter4/framework/system/Database/BaseConnection.php(715): CodeIgniter\Database\MySQLi\Connection->execute()
#2 /var/www/html/millebytes/vendor/codeigniter4/framework/system/Database/BaseConnection.php(643): CodeIgniter\Database\BaseConnection->simpleQuery()
#3 /var/www/html/millebytes/app/Views/profile.php(8): CodeIgniter\Database\BaseConnection->query()
#4 /var/www/html/millebytes/vendor/codeigniter4/framework/system/View/View.php(220): include('/var/www/html/m...')
#5 /var/www/html/millebytes/vendor/codeigniter4/framework/system/View/View.php(222): CodeIgniter\View\View->CodeIgniter\View\{closure}()
#6 /var/www/html/millebytes/vendor/codeigniter4/framework/system/Common.php(1217): CodeIgniter\View\View->render()
#7 /var/www/html/millebytes/app/Controllers/User.php(204): view()
#8 /var/www/html/millebytes/vendor/codeigniter4/framework/system/CodeIgniter.php(935): App\Controllers\User->profilo()
#9 /var/www/html/millebytes/vendor/codeigniter4/framework/system/CodeIgniter.php(431): CodeIgniter\CodeIgniter->runController()
#10 /var/www/html/millebytes/vendor/codeigniter4/framework/system/CodeIgniter.php(332): CodeIgniter\CodeIgniter->handleRequest()
#11 /var/www/html/millebytes/index.php(44): CodeIgniter\CodeIgniter->run()
#12 {main}
