CRITICAL - 2021-09-15 10:01:51 --> CodeIgniter\Autoloader\Autoloader::main(): Failed opening required './vendor/autoload.php' (include_path='.:/usr/share/php')
#0 [internal function]: CodeIgniter\Debug\Exceptions->shutdownHandler()
#1 {main}
CRITICAL - 2021-09-15 10:03:00 --> require(../vendor/phpmailer/src/Exception.php): failed to open stream: No such file or directory
#0 /var/www/html/millebytes/app/Controllers/Home.php(10): CodeIgniter\Debug\Exceptions->errorHandler()
#1 /var/www/html/millebytes/app/Controllers/Home.php(10): require()
#2 /var/www/html/millebytes/vendor/codeigniter4/framework/system/Autoloader/Autoloader.php(264): include_once('/var/www/html/m...')
#3 /var/www/html/millebytes/vendor/codeigniter4/framework/system/Autoloader/Autoloader.php(241): CodeIgniter\Autoloader\Autoloader->includeFile()
#4 /var/www/html/millebytes/vendor/codeigniter4/framework/system/Autoloader/Autoloader.php(219): CodeIgniter\Autoloader\Autoloader->loadInNamespace()
#5 [internal function]: CodeIgniter\Autoloader\Autoloader->loadClass()
#6 [internal function]: spl_autoload_call()
#7 /var/www/html/millebytes/vendor/codeigniter4/framework/system/CodeIgniter.php(767): class_exists()
#8 /var/www/html/millebytes/vendor/codeigniter4/framework/system/CodeIgniter.php(386): CodeIgniter\CodeIgniter->startController()
#9 /var/www/html/millebytes/vendor/codeigniter4/framework/system/CodeIgniter.php(317): CodeIgniter\CodeIgniter->handleRequest()
#10 /var/www/html/millebytes/index.php(44): CodeIgniter\CodeIgniter->run()
#11 {main}
CRITICAL - 2021-09-15 10:07:35 --> require(../vendor/phpmailer/src/Exception.php): failed to open stream: No such file or directory
#0 /var/www/html/millebytes/app/Controllers/Home.php(10): CodeIgniter\Debug\Exceptions->errorHandler()
#1 /var/www/html/millebytes/app/Controllers/Home.php(10): require()
#2 /var/www/html/millebytes/vendor/codeigniter4/framework/system/Autoloader/Autoloader.php(264): include_once('/var/www/html/m...')
#3 /var/www/html/millebytes/vendor/codeigniter4/framework/system/Autoloader/Autoloader.php(241): CodeIgniter\Autoloader\Autoloader->includeFile()
#4 /var/www/html/millebytes/vendor/codeigniter4/framework/system/Autoloader/Autoloader.php(219): CodeIgniter\Autoloader\Autoloader->loadInNamespace()
#5 [internal function]: CodeIgniter\Autoloader\Autoloader->loadClass()
#6 [internal function]: spl_autoload_call()
#7 /var/www/html/millebytes/vendor/codeigniter4/framework/system/CodeIgniter.php(767): class_exists()
#8 /var/www/html/millebytes/vendor/codeigniter4/framework/system/CodeIgniter.php(386): CodeIgniter\CodeIgniter->startController()
#9 /var/www/html/millebytes/vendor/codeigniter4/framework/system/CodeIgniter.php(317): CodeIgniter\CodeIgniter->handleRequest()
#10 /var/www/html/millebytes/index.php(44): CodeIgniter\CodeIgniter->run()
#11 {main}
CRITICAL - 2021-09-15 10:07:57 --> require(../vendor/phpmailer/src/Exception.php): failed to open stream: No such file or directory
#0 /var/www/html/millebytes/app/Controllers/Home.php(10): CodeIgniter\Debug\Exceptions->errorHandler()
#1 /var/www/html/millebytes/app/Controllers/Home.php(10): require()
#2 /var/www/html/millebytes/vendor/codeigniter4/framework/system/Autoloader/Autoloader.php(264): include_once('/var/www/html/m...')
#3 /var/www/html/millebytes/vendor/codeigniter4/framework/system/Autoloader/Autoloader.php(241): CodeIgniter\Autoloader\Autoloader->includeFile()
#4 /var/www/html/millebytes/vendor/codeigniter4/framework/system/Autoloader/Autoloader.php(219): CodeIgniter\Autoloader\Autoloader->loadInNamespace()
#5 [internal function]: CodeIgniter\Autoloader\Autoloader->loadClass()
#6 [internal function]: spl_autoload_call()
#7 /var/www/html/millebytes/vendor/codeigniter4/framework/system/CodeIgniter.php(767): class_exists()
#8 /var/www/html/millebytes/vendor/codeigniter4/framework/system/CodeIgniter.php(386): CodeIgniter\CodeIgniter->startController()
#9 /var/www/html/millebytes/vendor/codeigniter4/framework/system/CodeIgniter.php(317): CodeIgniter\CodeIgniter->handleRequest()
#10 /var/www/html/millebytes/index.php(44): CodeIgniter\CodeIgniter->run()
#11 {main}
CRITICAL - 2021-09-15 10:08:11 --> require(../vendor/phpmailer/src/Exception.php): failed to open stream: No such file or directory
#0 /var/www/html/millebytes/app/Controllers/Home.php(10): CodeIgniter\Debug\Exceptions->errorHandler()
#1 /var/www/html/millebytes/app/Controllers/Home.php(10): require()
#2 /var/www/html/millebytes/vendor/codeigniter4/framework/system/Autoloader/Autoloader.php(264): include_once('/var/www/html/m...')
#3 /var/www/html/millebytes/vendor/codeigniter4/framework/system/Autoloader/Autoloader.php(241): CodeIgniter\Autoloader\Autoloader->includeFile()
#4 /var/www/html/millebytes/vendor/codeigniter4/framework/system/Autoloader/Autoloader.php(219): CodeIgniter\Autoloader\Autoloader->loadInNamespace()
#5 [internal function]: CodeIgniter\Autoloader\Autoloader->loadClass()
#6 [internal function]: spl_autoload_call()
#7 /var/www/html/millebytes/vendor/codeigniter4/framework/system/CodeIgniter.php(767): class_exists()
#8 /var/www/html/millebytes/vendor/codeigniter4/framework/system/CodeIgniter.php(386): CodeIgniter\CodeIgniter->startController()
#9 /var/www/html/millebytes/vendor/codeigniter4/framework/system/CodeIgniter.php(317): CodeIgniter\CodeIgniter->handleRequest()
#10 /var/www/html/millebytes/index.php(44): CodeIgniter\CodeIgniter->run()
#11 {main}
CRITICAL - 2021-09-15 10:09:03 --> require(../vendor/phpmailer/src/Exception.php): failed to open stream: No such file or directory
#0 /var/www/html/millebytes/app/Controllers/Home.php(10): CodeIgniter\Debug\Exceptions->errorHandler()
#1 /var/www/html/millebytes/app/Controllers/Home.php(10): require()
#2 /var/www/html/millebytes/vendor/codeigniter4/framework/system/Autoloader/Autoloader.php(264): include_once('/var/www/html/m...')
#3 /var/www/html/millebytes/vendor/codeigniter4/framework/system/Autoloader/Autoloader.php(241): CodeIgniter\Autoloader\Autoloader->includeFile()
#4 /var/www/html/millebytes/vendor/codeigniter4/framework/system/Autoloader/Autoloader.php(219): CodeIgniter\Autoloader\Autoloader->loadInNamespace()
#5 [internal function]: CodeIgniter\Autoloader\Autoloader->loadClass()
#6 [internal function]: spl_autoload_call()
#7 /var/www/html/millebytes/vendor/codeigniter4/framework/system/CodeIgniter.php(767): class_exists()
#8 /var/www/html/millebytes/vendor/codeigniter4/framework/system/CodeIgniter.php(386): CodeIgniter\CodeIgniter->startController()
#9 /var/www/html/millebytes/vendor/codeigniter4/framework/system/CodeIgniter.php(317): CodeIgniter\CodeIgniter->handleRequest()
#10 /var/www/html/millebytes/index.php(44): CodeIgniter\CodeIgniter->run()
#11 {main}
CRITICAL - 2021-09-15 10:10:34 --> require(../vendor/phpmailer/src/Exception.php): failed to open stream: No such file or directory
#0 /var/www/html/millebytes/app/Controllers/Home.php(10): CodeIgniter\Debug\Exceptions->errorHandler()
#1 /var/www/html/millebytes/app/Controllers/Home.php(10): require()
#2 /var/www/html/millebytes/vendor/codeigniter4/framework/system/Autoloader/Autoloader.php(264): include_once('/var/www/html/m...')
#3 /var/www/html/millebytes/vendor/codeigniter4/framework/system/Autoloader/Autoloader.php(241): CodeIgniter\Autoloader\Autoloader->includeFile()
#4 /var/www/html/millebytes/vendor/codeigniter4/framework/system/Autoloader/Autoloader.php(219): CodeIgniter\Autoloader\Autoloader->loadInNamespace()
#5 [internal function]: CodeIgniter\Autoloader\Autoloader->loadClass()
#6 [internal function]: spl_autoload_call()
#7 /var/www/html/millebytes/vendor/codeigniter4/framework/system/CodeIgniter.php(767): class_exists()
#8 /var/www/html/millebytes/vendor/codeigniter4/framework/system/CodeIgniter.php(386): CodeIgniter\CodeIgniter->startController()
#9 /var/www/html/millebytes/vendor/codeigniter4/framework/system/CodeIgniter.php(317): CodeIgniter\CodeIgniter->handleRequest()
#10 /var/www/html/millebytes/index.php(44): CodeIgniter\CodeIgniter->run()
#11 {main}
CRITICAL - 2021-09-15 10:11:50 --> require(../vendor/phpmailer/src/Exception.php): failed to open stream: No such file or directory
#0 /var/www/html/millebytes/app/Controllers/Home.php(10): CodeIgniter\Debug\Exceptions->errorHandler()
#1 /var/www/html/millebytes/app/Controllers/Home.php(10): require()
#2 /var/www/html/millebytes/vendor/codeigniter4/framework/system/Autoloader/Autoloader.php(264): include_once('/var/www/html/m...')
#3 /var/www/html/millebytes/vendor/codeigniter4/framework/system/Autoloader/Autoloader.php(241): CodeIgniter\Autoloader\Autoloader->includeFile()
#4 /var/www/html/millebytes/vendor/codeigniter4/framework/system/Autoloader/Autoloader.php(219): CodeIgniter\Autoloader\Autoloader->loadInNamespace()
#5 [internal function]: CodeIgniter\Autoloader\Autoloader->loadClass()
#6 [internal function]: spl_autoload_call()
#7 /var/www/html/millebytes/vendor/codeigniter4/framework/system/CodeIgniter.php(767): class_exists()
#8 /var/www/html/millebytes/vendor/codeigniter4/framework/system/CodeIgniter.php(386): CodeIgniter\CodeIgniter->startController()
#9 /var/www/html/millebytes/vendor/codeigniter4/framework/system/CodeIgniter.php(317): CodeIgniter\CodeIgniter->handleRequest()
#10 /var/www/html/millebytes/index.php(44): CodeIgniter\CodeIgniter->run()
#11 {main}
CRITICAL - 2021-09-15 11:22:21 --> require(../vendor/phpmailer/src/Exception.php): failed to open stream: No such file or directory
#0 /var/www/html/millebytes/app/Controllers/Home.php(10): CodeIgniter\Debug\Exceptions->errorHandler()
#1 /var/www/html/millebytes/app/Controllers/Home.php(10): require()
#2 /var/www/html/millebytes/vendor/codeigniter4/framework/system/Autoloader/Autoloader.php(264): include_once('/var/www/html/m...')
#3 /var/www/html/millebytes/vendor/codeigniter4/framework/system/Autoloader/Autoloader.php(241): CodeIgniter\Autoloader\Autoloader->includeFile()
#4 /var/www/html/millebytes/vendor/codeigniter4/framework/system/Autoloader/Autoloader.php(219): CodeIgniter\Autoloader\Autoloader->loadInNamespace()
#5 [internal function]: CodeIgniter\Autoloader\Autoloader->loadClass()
#6 [internal function]: spl_autoload_call()
#7 /var/www/html/millebytes/vendor/codeigniter4/framework/system/CodeIgniter.php(767): class_exists()
#8 /var/www/html/millebytes/vendor/codeigniter4/framework/system/CodeIgniter.php(386): CodeIgniter\CodeIgniter->startController()
#9 /var/www/html/millebytes/vendor/codeigniter4/framework/system/CodeIgniter.php(317): CodeIgniter\CodeIgniter->handleRequest()
#10 /var/www/html/millebytes/index.php(44): CodeIgniter\CodeIgniter->run()
#11 {main}
