ERROR - 2022-12-20 08:36:53 --> mysqli_sql_exception: Table 'millebytesdb.works' doesn't exist in /var/www/millebytes/vendor/codeigniter4/framework/system/Database/MySQLi/Connection.php:314
Stack trace:
#0 /var/www/millebytes/vendor/codeigniter4/framework/system/Database/MySQLi/Connection.php(314): mysqli->query()
#1 /var/www/millebytes/vendor/codeigniter4/framework/system/Database/BaseConnection.php(715): CodeIgniter\Database\MySQLi\Connection->execute()
#2 /var/www/millebytes/vendor/codeigniter4/framework/system/Database/BaseConnection.php(643): CodeIgniter\Database\BaseConnection->simpleQuery()
#3 /var/www/millebytes/app/Views/profile.php(8): CodeIgniter\Database\BaseConnection->query()
#4 /var/www/millebytes/vendor/codeigniter4/framework/system/View/View.php(220): include('/var/www/milleb...')
#5 /var/www/millebytes/vendor/codeigniter4/framework/system/View/View.php(222): CodeIgniter\View\View->CodeIgniter\View\{closure}()
#6 /var/www/millebytes/vendor/codeigniter4/framework/system/Common.php(1217): CodeIgniter\View\View->render()
#7 /var/www/millebytes/app/Controllers/User.php(226): view()
#8 /var/www/millebytes/vendor/codeigniter4/framework/system/CodeIgniter.php(935): App\Controllers\User->profilo()
#9 /var/www/millebytes/vendor/codeigniter4/framework/system/CodeIgniter.php(431): CodeIgniter\CodeIgniter->runController()
#10 /var/www/millebytes/vendor/codeigniter4/framework/system/CodeIgniter.php(332): CodeIgniter\CodeIgniter->handleRequest()
#11 /var/www/millebytes/index.php(44): CodeIgniter\CodeIgniter->run()
#12 {main}
ERROR - 2022-12-20 09:26:47 --> mysqli_sql_exception: Table 'millebytesdb.works' doesn't exist in /var/www/millebytes/vendor/codeigniter4/framework/system/Database/MySQLi/Connection.php:314
Stack trace:
#0 /var/www/millebytes/vendor/codeigniter4/framework/system/Database/MySQLi/Connection.php(314): mysqli->query()
#1 /var/www/millebytes/vendor/codeigniter4/framework/system/Database/BaseConnection.php(715): CodeIgniter\Database\MySQLi\Connection->execute()
#2 /var/www/millebytes/vendor/codeigniter4/framework/system/Database/BaseConnection.php(643): CodeIgniter\Database\BaseConnection->simpleQuery()
#3 /var/www/millebytes/app/Views/profile.php(8): CodeIgniter\Database\BaseConnection->query()
#4 /var/www/millebytes/vendor/codeigniter4/framework/system/View/View.php(220): include('/var/www/milleb...')
#5 /var/www/millebytes/vendor/codeigniter4/framework/system/View/View.php(222): CodeIgniter\View\View->CodeIgniter\View\{closure}()
#6 /var/www/millebytes/vendor/codeigniter4/framework/system/Common.php(1217): CodeIgniter\View\View->render()
#7 /var/www/millebytes/app/Controllers/User.php(226): view()
#8 /var/www/millebytes/vendor/codeigniter4/framework/system/CodeIgniter.php(935): App\Controllers\User->profilo()
#9 /var/www/millebytes/vendor/codeigniter4/framework/system/CodeIgniter.php(431): CodeIgniter\CodeIgniter->runController()
#10 /var/www/millebytes/vendor/codeigniter4/framework/system/CodeIgniter.php(332): CodeIgniter\CodeIgniter->handleRequest()
#11 /var/www/millebytes/index.php(44): CodeIgniter\CodeIgniter->run()
#12 {main}
ERROR - 2022-12-20 09:35:39 --> mysqli_sql_exception: Table 'millebytesdb.works' doesn't exist in /var/www/millebytes/vendor/codeigniter4/framework/system/Database/MySQLi/Connection.php:314
Stack trace:
#0 /var/www/millebytes/vendor/codeigniter4/framework/system/Database/MySQLi/Connection.php(314): mysqli->query()
#1 /var/www/millebytes/vendor/codeigniter4/framework/system/Database/BaseConnection.php(715): CodeIgniter\Database\MySQLi\Connection->execute()
#2 /var/www/millebytes/vendor/codeigniter4/framework/system/Database/BaseConnection.php(643): CodeIgniter\Database\BaseConnection->simpleQuery()
#3 /var/www/millebytes/app/Views/profile.php(8): CodeIgniter\Database\BaseConnection->query()
#4 /var/www/millebytes/vendor/codeigniter4/framework/system/View/View.php(220): include('/var/www/milleb...')
#5 /var/www/millebytes/vendor/codeigniter4/framework/system/View/View.php(222): CodeIgniter\View\View->CodeIgniter\View\{closure}()
#6 /var/www/millebytes/vendor/codeigniter4/framework/system/Common.php(1217): CodeIgniter\View\View->render()
#7 /var/www/millebytes/app/Controllers/User.php(226): view()
#8 /var/www/millebytes/vendor/codeigniter4/framework/system/CodeIgniter.php(935): App\Controllers\User->profilo()
#9 /var/www/millebytes/vendor/codeigniter4/framework/system/CodeIgniter.php(431): CodeIgniter\CodeIgniter->runController()
#10 /var/www/millebytes/vendor/codeigniter4/framework/system/CodeIgniter.php(332): CodeIgniter\CodeIgniter->handleRequest()
#11 /var/www/millebytes/index.php(44): CodeIgniter\CodeIgniter->run()
#12 {main}
ERROR - 2022-12-20 09:38:57 --> mysqli_sql_exception: Table 'millebytesdb.works' doesn't exist in /var/www/millebytes/vendor/codeigniter4/framework/system/Database/MySQLi/Connection.php:314
Stack trace:
#0 /var/www/millebytes/vendor/codeigniter4/framework/system/Database/MySQLi/Connection.php(314): mysqli->query()
#1 /var/www/millebytes/vendor/codeigniter4/framework/system/Database/BaseConnection.php(715): CodeIgniter\Database\MySQLi\Connection->execute()
#2 /var/www/millebytes/vendor/codeigniter4/framework/system/Database/BaseConnection.php(643): CodeIgniter\Database\BaseConnection->simpleQuery()
#3 /var/www/millebytes/app/Views/profile.php(8): CodeIgniter\Database\BaseConnection->query()
#4 /var/www/millebytes/vendor/codeigniter4/framework/system/View/View.php(220): include('/var/www/milleb...')
#5 /var/www/millebytes/vendor/codeigniter4/framework/system/View/View.php(222): CodeIgniter\View\View->CodeIgniter\View\{closure}()
#6 /var/www/millebytes/vendor/codeigniter4/framework/system/Common.php(1217): CodeIgniter\View\View->render()
#7 /var/www/millebytes/app/Controllers/User.php(226): view()
#8 /var/www/millebytes/vendor/codeigniter4/framework/system/CodeIgniter.php(935): App\Controllers\User->profilo()
#9 /var/www/millebytes/vendor/codeigniter4/framework/system/CodeIgniter.php(431): CodeIgniter\CodeIgniter->runController()
#10 /var/www/millebytes/vendor/codeigniter4/framework/system/CodeIgniter.php(332): CodeIgniter\CodeIgniter->handleRequest()
#11 /var/www/millebytes/index.php(44): CodeIgniter\CodeIgniter->run()
#12 {main}
ERROR - 2022-12-20 09:45:24 --> mysqli_sql_exception: Table 'millebytesdb.works' doesn't exist in /var/www/millebytes/vendor/codeigniter4/framework/system/Database/MySQLi/Connection.php:314
Stack trace:
#0 /var/www/millebytes/vendor/codeigniter4/framework/system/Database/MySQLi/Connection.php(314): mysqli->query()
#1 /var/www/millebytes/vendor/codeigniter4/framework/system/Database/BaseConnection.php(715): CodeIgniter\Database\MySQLi\Connection->execute()
#2 /var/www/millebytes/vendor/codeigniter4/framework/system/Database/BaseConnection.php(643): CodeIgniter\Database\BaseConnection->simpleQuery()
#3 /var/www/millebytes/app/Views/profile.php(8): CodeIgniter\Database\BaseConnection->query()
#4 /var/www/millebytes/vendor/codeigniter4/framework/system/View/View.php(220): include('/var/www/milleb...')
#5 /var/www/millebytes/vendor/codeigniter4/framework/system/View/View.php(222): CodeIgniter\View\View->CodeIgniter\View\{closure}()
#6 /var/www/millebytes/vendor/codeigniter4/framework/system/Common.php(1217): CodeIgniter\View\View->render()
#7 /var/www/millebytes/app/Controllers/User.php(226): view()
#8 /var/www/millebytes/vendor/codeigniter4/framework/system/CodeIgniter.php(935): App\Controllers\User->profilo()
#9 /var/www/millebytes/vendor/codeigniter4/framework/system/CodeIgniter.php(431): CodeIgniter\CodeIgniter->runController()
#10 /var/www/millebytes/vendor/codeigniter4/framework/system/CodeIgniter.php(332): CodeIgniter\CodeIgniter->handleRequest()
#11 /var/www/millebytes/index.php(44): CodeIgniter\CodeIgniter->run()
#12 {main}
ERROR - 2022-12-20 09:45:50 --> mysqli_sql_exception: Table 'millebytesdb.works' doesn't exist in /var/www/millebytes/vendor/codeigniter4/framework/system/Database/MySQLi/Connection.php:314
Stack trace:
#0 /var/www/millebytes/vendor/codeigniter4/framework/system/Database/MySQLi/Connection.php(314): mysqli->query()
#1 /var/www/millebytes/vendor/codeigniter4/framework/system/Database/BaseConnection.php(715): CodeIgniter\Database\MySQLi\Connection->execute()
#2 /var/www/millebytes/vendor/codeigniter4/framework/system/Database/BaseConnection.php(643): CodeIgniter\Database\BaseConnection->simpleQuery()
#3 /var/www/millebytes/app/Views/profile.php(8): CodeIgniter\Database\BaseConnection->query()
#4 /var/www/millebytes/vendor/codeigniter4/framework/system/View/View.php(220): include('/var/www/milleb...')
#5 /var/www/millebytes/vendor/codeigniter4/framework/system/View/View.php(222): CodeIgniter\View\View->CodeIgniter\View\{closure}()
#6 /var/www/millebytes/vendor/codeigniter4/framework/system/Common.php(1217): CodeIgniter\View\View->render()
#7 /var/www/millebytes/app/Controllers/User.php(226): view()
#8 /var/www/millebytes/vendor/codeigniter4/framework/system/CodeIgniter.php(935): App\Controllers\User->profilo()
#9 /var/www/millebytes/vendor/codeigniter4/framework/system/CodeIgniter.php(431): CodeIgniter\CodeIgniter->runController()
#10 /var/www/millebytes/vendor/codeigniter4/framework/system/CodeIgniter.php(332): CodeIgniter\CodeIgniter->handleRequest()
#11 /var/www/millebytes/index.php(44): CodeIgniter\CodeIgniter->run()
#12 {main}
ERROR - 2022-12-20 09:48:23 --> mysqli_sql_exception: Table 'millebytesdb.works' doesn't exist in /var/www/millebytes/vendor/codeigniter4/framework/system/Database/MySQLi/Connection.php:314
Stack trace:
#0 /var/www/millebytes/vendor/codeigniter4/framework/system/Database/MySQLi/Connection.php(314): mysqli->query()
#1 /var/www/millebytes/vendor/codeigniter4/framework/system/Database/BaseConnection.php(715): CodeIgniter\Database\MySQLi\Connection->execute()
#2 /var/www/millebytes/vendor/codeigniter4/framework/system/Database/BaseConnection.php(643): CodeIgniter\Database\BaseConnection->simpleQuery()
#3 /var/www/millebytes/app/Views/profile.php(8): CodeIgniter\Database\BaseConnection->query()
#4 /var/www/millebytes/vendor/codeigniter4/framework/system/View/View.php(220): include('/var/www/milleb...')
#5 /var/www/millebytes/vendor/codeigniter4/framework/system/View/View.php(222): CodeIgniter\View\View->CodeIgniter\View\{closure}()
#6 /var/www/millebytes/vendor/codeigniter4/framework/system/Common.php(1217): CodeIgniter\View\View->render()
#7 /var/www/millebytes/app/Controllers/User.php(226): view()
#8 /var/www/millebytes/vendor/codeigniter4/framework/system/CodeIgniter.php(935): App\Controllers\User->profilo()
#9 /var/www/millebytes/vendor/codeigniter4/framework/system/CodeIgniter.php(431): CodeIgniter\CodeIgniter->runController()
#10 /var/www/millebytes/vendor/codeigniter4/framework/system/CodeIgniter.php(332): CodeIgniter\CodeIgniter->handleRequest()
#11 /var/www/millebytes/index.php(44): CodeIgniter\CodeIgniter->run()
#12 {main}
ERROR - 2022-12-20 09:48:23 --> mysqli_sql_exception: Table 'millebytesdb.works' doesn't exist in /var/www/millebytes/vendor/codeigniter4/framework/system/Database/MySQLi/Connection.php:314
Stack trace:
#0 /var/www/millebytes/vendor/codeigniter4/framework/system/Database/MySQLi/Connection.php(314): mysqli->query()
#1 /var/www/millebytes/vendor/codeigniter4/framework/system/Database/BaseConnection.php(715): CodeIgniter\Database\MySQLi\Connection->execute()
#2 /var/www/millebytes/vendor/codeigniter4/framework/system/Database/BaseConnection.php(643): CodeIgniter\Database\BaseConnection->simpleQuery()
#3 /var/www/millebytes/app/Views/profile.php(8): CodeIgniter\Database\BaseConnection->query()
#4 /var/www/millebytes/vendor/codeigniter4/framework/system/View/View.php(220): include('/var/www/milleb...')
#5 /var/www/millebytes/vendor/codeigniter4/framework/system/View/View.php(222): CodeIgniter\View\View->CodeIgniter\View\{closure}()
#6 /var/www/millebytes/vendor/codeigniter4/framework/system/Common.php(1217): CodeIgniter\View\View->render()
#7 /var/www/millebytes/app/Controllers/User.php(226): view()
#8 /var/www/millebytes/vendor/codeigniter4/framework/system/CodeIgniter.php(935): App\Controllers\User->profilo()
#9 /var/www/millebytes/vendor/codeigniter4/framework/system/CodeIgniter.php(431): CodeIgniter\CodeIgniter->runController()
#10 /var/www/millebytes/vendor/codeigniter4/framework/system/CodeIgniter.php(332): CodeIgniter\CodeIgniter->handleRequest()
#11 /var/www/millebytes/index.php(44): CodeIgniter\CodeIgniter->run()
#12 {main}
ERROR - 2022-12-20 10:14:20 --> mysqli_sql_exception: You have an error in your SQL syntax; check the manual that corresponds to your MySQL server version for the right syntax to use near '' at line 3 in /var/www/millebytes/vendor/codeigniter4/framework/system/Database/MySQLi/Connection.php:314
Stack trace:
#0 /var/www/millebytes/vendor/codeigniter4/framework/system/Database/MySQLi/Connection.php(314): mysqli->query()
#1 /var/www/millebytes/vendor/codeigniter4/framework/system/Database/BaseConnection.php(715): CodeIgniter\Database\MySQLi\Connection->execute()
#2 /var/www/millebytes/vendor/codeigniter4/framework/system/Database/BaseConnection.php(643): CodeIgniter\Database\BaseConnection->simpleQuery()
#3 /var/www/millebytes/app/Views/profile.php(8): CodeIgniter\Database\BaseConnection->query()
#4 /var/www/millebytes/vendor/codeigniter4/framework/system/View/View.php(220): include('/var/www/milleb...')
#5 /var/www/millebytes/vendor/codeigniter4/framework/system/View/View.php(222): CodeIgniter\View\View->CodeIgniter\View\{closure}()
#6 /var/www/millebytes/vendor/codeigniter4/framework/system/Common.php(1217): CodeIgniter\View\View->render()
#7 /var/www/millebytes/app/Controllers/User.php(226): view()
#8 /var/www/millebytes/vendor/codeigniter4/framework/system/CodeIgniter.php(935): App\Controllers\User->profilo()
#9 /var/www/millebytes/vendor/codeigniter4/framework/system/CodeIgniter.php(431): CodeIgniter\CodeIgniter->runController()
#10 /var/www/millebytes/vendor/codeigniter4/framework/system/CodeIgniter.php(332): CodeIgniter\CodeIgniter->handleRequest()
#11 /var/www/millebytes/index.php(44): CodeIgniter\CodeIgniter->run()
#12 {main}
ERROR - 2022-12-20 10:14:26 --> mysqli_sql_exception: You have an error in your SQL syntax; check the manual that corresponds to your MySQL server version for the right syntax to use near '' at line 3 in /var/www/millebytes/vendor/codeigniter4/framework/system/Database/MySQLi/Connection.php:314
Stack trace:
#0 /var/www/millebytes/vendor/codeigniter4/framework/system/Database/MySQLi/Connection.php(314): mysqli->query()
#1 /var/www/millebytes/vendor/codeigniter4/framework/system/Database/BaseConnection.php(715): CodeIgniter\Database\MySQLi\Connection->execute()
#2 /var/www/millebytes/vendor/codeigniter4/framework/system/Database/BaseConnection.php(643): CodeIgniter\Database\BaseConnection->simpleQuery()
#3 /var/www/millebytes/app/Views/profile.php(8): CodeIgniter\Database\BaseConnection->query()
#4 /var/www/millebytes/vendor/codeigniter4/framework/system/View/View.php(220): include('/var/www/milleb...')
#5 /var/www/millebytes/vendor/codeigniter4/framework/system/View/View.php(222): CodeIgniter\View\View->CodeIgniter\View\{closure}()
#6 /var/www/millebytes/vendor/codeigniter4/framework/system/Common.php(1217): CodeIgniter\View\View->render()
#7 /var/www/millebytes/app/Controllers/User.php(226): view()
#8 /var/www/millebytes/vendor/codeigniter4/framework/system/CodeIgniter.php(935): App\Controllers\User->profilo()
#9 /var/www/millebytes/vendor/codeigniter4/framework/system/CodeIgniter.php(431): CodeIgniter\CodeIgniter->runController()
#10 /var/www/millebytes/vendor/codeigniter4/framework/system/CodeIgniter.php(332): CodeIgniter\CodeIgniter->handleRequest()
#11 /var/www/millebytes/index.php(44): CodeIgniter\CodeIgniter->run()
#12 {main}
ERROR - 2022-12-20 10:37:59 --> mysqli_sql_exception: Table 'millebytesdb.works' doesn't exist in /var/www/millebytes/vendor/codeigniter4/framework/system/Database/MySQLi/Connection.php:314
Stack trace:
#0 /var/www/millebytes/vendor/codeigniter4/framework/system/Database/MySQLi/Connection.php(314): mysqli->query()
#1 /var/www/millebytes/vendor/codeigniter4/framework/system/Database/BaseConnection.php(715): CodeIgniter\Database\MySQLi\Connection->execute()
#2 /var/www/millebytes/vendor/codeigniter4/framework/system/Database/BaseConnection.php(643): CodeIgniter\Database\BaseConnection->simpleQuery()
#3 /var/www/millebytes/app/Views/profile.php(8): CodeIgniter\Database\BaseConnection->query()
#4 /var/www/millebytes/vendor/codeigniter4/framework/system/View/View.php(220): include('/var/www/milleb...')
#5 /var/www/millebytes/vendor/codeigniter4/framework/system/View/View.php(222): CodeIgniter\View\View->CodeIgniter\View\{closure}()
#6 /var/www/millebytes/vendor/codeigniter4/framework/system/Common.php(1217): CodeIgniter\View\View->render()
#7 /var/www/millebytes/app/Controllers/User.php(226): view()
#8 /var/www/millebytes/vendor/codeigniter4/framework/system/CodeIgniter.php(935): App\Controllers\User->profilo()
#9 /var/www/millebytes/vendor/codeigniter4/framework/system/CodeIgniter.php(431): CodeIgniter\CodeIgniter->runController()
#10 /var/www/millebytes/vendor/codeigniter4/framework/system/CodeIgniter.php(332): CodeIgniter\CodeIgniter->handleRequest()
#11 /var/www/millebytes/index.php(44): CodeIgniter\CodeIgniter->run()
#12 {main}
ERROR - 2022-12-20 11:15:25 --> mysqli_sql_exception: Table 'millebytesdb.works' doesn't exist in /var/www/millebytes/vendor/codeigniter4/framework/system/Database/MySQLi/Connection.php:314
Stack trace:
#0 /var/www/millebytes/vendor/codeigniter4/framework/system/Database/MySQLi/Connection.php(314): mysqli->query()
#1 /var/www/millebytes/vendor/codeigniter4/framework/system/Database/BaseConnection.php(715): CodeIgniter\Database\MySQLi\Connection->execute()
#2 /var/www/millebytes/vendor/codeigniter4/framework/system/Database/BaseConnection.php(643): CodeIgniter\Database\BaseConnection->simpleQuery()
#3 /var/www/millebytes/app/Views/profile.php(8): CodeIgniter\Database\BaseConnection->query()
#4 /var/www/millebytes/vendor/codeigniter4/framework/system/View/View.php(220): include('/var/www/milleb...')
#5 /var/www/millebytes/vendor/codeigniter4/framework/system/View/View.php(222): CodeIgniter\View\View->CodeIgniter\View\{closure}()
#6 /var/www/millebytes/vendor/codeigniter4/framework/system/Common.php(1217): CodeIgniter\View\View->render()
#7 /var/www/millebytes/app/Controllers/User.php(226): view()
#8 /var/www/millebytes/vendor/codeigniter4/framework/system/CodeIgniter.php(935): App\Controllers\User->profilo()
#9 /var/www/millebytes/vendor/codeigniter4/framework/system/CodeIgniter.php(431): CodeIgniter\CodeIgniter->runController()
#10 /var/www/millebytes/vendor/codeigniter4/framework/system/CodeIgniter.php(332): CodeIgniter\CodeIgniter->handleRequest()
#11 /var/www/millebytes/index.php(44): CodeIgniter\CodeIgniter->run()
#12 {main}
ERROR - 2022-12-20 11:25:02 --> mysqli_sql_exception: Table 'millebytesdb.works' doesn't exist in /var/www/millebytes/vendor/codeigniter4/framework/system/Database/MySQLi/Connection.php:314
Stack trace:
#0 /var/www/millebytes/vendor/codeigniter4/framework/system/Database/MySQLi/Connection.php(314): mysqli->query()
#1 /var/www/millebytes/vendor/codeigniter4/framework/system/Database/BaseConnection.php(715): CodeIgniter\Database\MySQLi\Connection->execute()
#2 /var/www/millebytes/vendor/codeigniter4/framework/system/Database/BaseConnection.php(643): CodeIgniter\Database\BaseConnection->simpleQuery()
#3 /var/www/millebytes/app/Views/profile.php(8): CodeIgniter\Database\BaseConnection->query()
#4 /var/www/millebytes/vendor/codeigniter4/framework/system/View/View.php(220): include('/var/www/milleb...')
#5 /var/www/millebytes/vendor/codeigniter4/framework/system/View/View.php(222): CodeIgniter\View\View->CodeIgniter\View\{closure}()
#6 /var/www/millebytes/vendor/codeigniter4/framework/system/Common.php(1217): CodeIgniter\View\View->render()
#7 /var/www/millebytes/app/Controllers/User.php(226): view()
#8 /var/www/millebytes/vendor/codeigniter4/framework/system/CodeIgniter.php(935): App\Controllers\User->profilo()
#9 /var/www/millebytes/vendor/codeigniter4/framework/system/CodeIgniter.php(431): CodeIgniter\CodeIgniter->runController()
#10 /var/www/millebytes/vendor/codeigniter4/framework/system/CodeIgniter.php(332): CodeIgniter\CodeIgniter->handleRequest()
#11 /var/www/millebytes/index.php(44): CodeIgniter\CodeIgniter->run()
#12 {main}
ERROR - 2022-12-20 11:46:58 --> mysqli_sql_exception: Table 'millebytesdb.works' doesn't exist in /var/www/millebytes/vendor/codeigniter4/framework/system/Database/MySQLi/Connection.php:314
Stack trace:
#0 /var/www/millebytes/vendor/codeigniter4/framework/system/Database/MySQLi/Connection.php(314): mysqli->query()
#1 /var/www/millebytes/vendor/codeigniter4/framework/system/Database/BaseConnection.php(715): CodeIgniter\Database\MySQLi\Connection->execute()
#2 /var/www/millebytes/vendor/codeigniter4/framework/system/Database/BaseConnection.php(643): CodeIgniter\Database\BaseConnection->simpleQuery()
#3 /var/www/millebytes/app/Views/profile.php(8): CodeIgniter\Database\BaseConnection->query()
#4 /var/www/millebytes/vendor/codeigniter4/framework/system/View/View.php(220): include('/var/www/milleb...')
#5 /var/www/millebytes/vendor/codeigniter4/framework/system/View/View.php(222): CodeIgniter\View\View->CodeIgniter\View\{closure}()
#6 /var/www/millebytes/vendor/codeigniter4/framework/system/Common.php(1217): CodeIgniter\View\View->render()
#7 /var/www/millebytes/app/Controllers/User.php(226): view()
#8 /var/www/millebytes/vendor/codeigniter4/framework/system/CodeIgniter.php(935): App\Controllers\User->profilo()
#9 /var/www/millebytes/vendor/codeigniter4/framework/system/CodeIgniter.php(431): CodeIgniter\CodeIgniter->runController()
#10 /var/www/millebytes/vendor/codeigniter4/framework/system/CodeIgniter.php(332): CodeIgniter\CodeIgniter->handleRequest()
#11 /var/www/millebytes/index.php(44): CodeIgniter\CodeIgniter->run()
#12 {main}
ERROR - 2022-12-20 13:51:47 --> mysqli_sql_exception: Table 'millebytesdb.works' doesn't exist in /var/www/millebytes/vendor/codeigniter4/framework/system/Database/MySQLi/Connection.php:314
Stack trace:
#0 /var/www/millebytes/vendor/codeigniter4/framework/system/Database/MySQLi/Connection.php(314): mysqli->query()
#1 /var/www/millebytes/vendor/codeigniter4/framework/system/Database/BaseConnection.php(715): CodeIgniter\Database\MySQLi\Connection->execute()
#2 /var/www/millebytes/vendor/codeigniter4/framework/system/Database/BaseConnection.php(643): CodeIgniter\Database\BaseConnection->simpleQuery()
#3 /var/www/millebytes/app/Views/profile.php(8): CodeIgniter\Database\BaseConnection->query()
#4 /var/www/millebytes/vendor/codeigniter4/framework/system/View/View.php(220): include('/var/www/milleb...')
#5 /var/www/millebytes/vendor/codeigniter4/framework/system/View/View.php(222): CodeIgniter\View\View->CodeIgniter\View\{closure}()
#6 /var/www/millebytes/vendor/codeigniter4/framework/system/Common.php(1217): CodeIgniter\View\View->render()
#7 /var/www/millebytes/app/Controllers/User.php(226): view()
#8 /var/www/millebytes/vendor/codeigniter4/framework/system/CodeIgniter.php(935): App\Controllers\User->profilo()
#9 /var/www/millebytes/vendor/codeigniter4/framework/system/CodeIgniter.php(431): CodeIgniter\CodeIgniter->runController()
#10 /var/www/millebytes/vendor/codeigniter4/framework/system/CodeIgniter.php(332): CodeIgniter\CodeIgniter->handleRequest()
#11 /var/www/millebytes/index.php(44): CodeIgniter\CodeIgniter->run()
#12 {main}
ERROR - 2022-12-20 13:55:26 --> mysqli_sql_exception: Table 'millebytesdb.works' doesn't exist in /var/www/millebytes/vendor/codeigniter4/framework/system/Database/MySQLi/Connection.php:314
Stack trace:
#0 /var/www/millebytes/vendor/codeigniter4/framework/system/Database/MySQLi/Connection.php(314): mysqli->query()
#1 /var/www/millebytes/vendor/codeigniter4/framework/system/Database/BaseConnection.php(715): CodeIgniter\Database\MySQLi\Connection->execute()
#2 /var/www/millebytes/vendor/codeigniter4/framework/system/Database/BaseConnection.php(643): CodeIgniter\Database\BaseConnection->simpleQuery()
#3 /var/www/millebytes/app/Views/profile.php(8): CodeIgniter\Database\BaseConnection->query()
#4 /var/www/millebytes/vendor/codeigniter4/framework/system/View/View.php(220): include('/var/www/milleb...')
#5 /var/www/millebytes/vendor/codeigniter4/framework/system/View/View.php(222): CodeIgniter\View\View->CodeIgniter\View\{closure}()
#6 /var/www/millebytes/vendor/codeigniter4/framework/system/Common.php(1217): CodeIgniter\View\View->render()
#7 /var/www/millebytes/app/Controllers/User.php(226): view()
#8 /var/www/millebytes/vendor/codeigniter4/framework/system/CodeIgniter.php(935): App\Controllers\User->profilo()
#9 /var/www/millebytes/vendor/codeigniter4/framework/system/CodeIgniter.php(431): CodeIgniter\CodeIgniter->runController()
#10 /var/www/millebytes/vendor/codeigniter4/framework/system/CodeIgniter.php(332): CodeIgniter\CodeIgniter->handleRequest()
#11 /var/www/millebytes/index.php(44): CodeIgniter\CodeIgniter->run()
#12 {main}
ERROR - 2022-12-20 15:51:54 --> mysqli_sql_exception: Table 'millebytesdb.works' doesn't exist in /var/www/millebytes/vendor/codeigniter4/framework/system/Database/MySQLi/Connection.php:314
Stack trace:
#0 /var/www/millebytes/vendor/codeigniter4/framework/system/Database/MySQLi/Connection.php(314): mysqli->query()
#1 /var/www/millebytes/vendor/codeigniter4/framework/system/Database/BaseConnection.php(715): CodeIgniter\Database\MySQLi\Connection->execute()
#2 /var/www/millebytes/vendor/codeigniter4/framework/system/Database/BaseConnection.php(643): CodeIgniter\Database\BaseConnection->simpleQuery()
#3 /var/www/millebytes/app/Views/profile.php(8): CodeIgniter\Database\BaseConnection->query()
#4 /var/www/millebytes/vendor/codeigniter4/framework/system/View/View.php(220): include('/var/www/milleb...')
#5 /var/www/millebytes/vendor/codeigniter4/framework/system/View/View.php(222): CodeIgniter\View\View->CodeIgniter\View\{closure}()
#6 /var/www/millebytes/vendor/codeigniter4/framework/system/Common.php(1217): CodeIgniter\View\View->render()
#7 /var/www/millebytes/app/Controllers/User.php(226): view()
#8 /var/www/millebytes/vendor/codeigniter4/framework/system/CodeIgniter.php(935): App\Controllers\User->profilo()
#9 /var/www/millebytes/vendor/codeigniter4/framework/system/CodeIgniter.php(431): CodeIgniter\CodeIgniter->runController()
#10 /var/www/millebytes/vendor/codeigniter4/framework/system/CodeIgniter.php(332): CodeIgniter\CodeIgniter->handleRequest()
#11 /var/www/millebytes/index.php(44): CodeIgniter\CodeIgniter->run()
#12 {main}
ERROR - 2022-12-20 15:54:12 --> mysqli_sql_exception: Table 'millebytesdb.works' doesn't exist in /var/www/millebytes/vendor/codeigniter4/framework/system/Database/MySQLi/Connection.php:314
Stack trace:
#0 /var/www/millebytes/vendor/codeigniter4/framework/system/Database/MySQLi/Connection.php(314): mysqli->query()
#1 /var/www/millebytes/vendor/codeigniter4/framework/system/Database/BaseConnection.php(715): CodeIgniter\Database\MySQLi\Connection->execute()
#2 /var/www/millebytes/vendor/codeigniter4/framework/system/Database/BaseConnection.php(643): CodeIgniter\Database\BaseConnection->simpleQuery()
#3 /var/www/millebytes/app/Views/profile.php(8): CodeIgniter\Database\BaseConnection->query()
#4 /var/www/millebytes/vendor/codeigniter4/framework/system/View/View.php(220): include('/var/www/milleb...')
#5 /var/www/millebytes/vendor/codeigniter4/framework/system/View/View.php(222): CodeIgniter\View\View->CodeIgniter\View\{closure}()
#6 /var/www/millebytes/vendor/codeigniter4/framework/system/Common.php(1217): CodeIgniter\View\View->render()
#7 /var/www/millebytes/app/Controllers/User.php(226): view()
#8 /var/www/millebytes/vendor/codeigniter4/framework/system/CodeIgniter.php(935): App\Controllers\User->profilo()
#9 /var/www/millebytes/vendor/codeigniter4/framework/system/CodeIgniter.php(431): CodeIgniter\CodeIgniter->runController()
#10 /var/www/millebytes/vendor/codeigniter4/framework/system/CodeIgniter.php(332): CodeIgniter\CodeIgniter->handleRequest()
#11 /var/www/millebytes/index.php(44): CodeIgniter\CodeIgniter->run()
#12 {main}
