CRITICAL - 2021-09-16 02:09:57 --> require(../vendor/phpmailer/src/Exception.php): failed to open stream: No such file or directory
#0 /var/www/html/millebytes/app/Controllers/Home.php(10): CodeIgniter\Debug\Exceptions->errorHandler()
#1 /var/www/html/millebytes/app/Controllers/Home.php(10): require()
#2 /var/www/html/millebytes/vendor/codeigniter4/framework/system/Autoloader/Autoloader.php(264): include_once('/var/www/html/m...')
#3 /var/www/html/millebytes/vendor/codeigniter4/framework/system/Autoloader/Autoloader.php(241): CodeIgniter\Autoloader\Autoloader->includeFile()
#4 /var/www/html/millebytes/vendor/codeigniter4/framework/system/Autoloader/Autoloader.php(219): CodeIgniter\Autoloader\Autoloader->loadInNamespace()
#5 [internal function]: CodeIgniter\Autoloader\Autoloader->loadClass()
#6 [internal function]: spl_autoload_call()
#7 /var/www/html/millebytes/vendor/codeigniter4/framework/system/CodeIgniter.php(767): class_exists()
#8 /var/www/html/millebytes/vendor/codeigniter4/framework/system/CodeIgniter.php(386): CodeIgniter\CodeIgniter->startController()
#9 /var/www/html/millebytes/vendor/codeigniter4/framework/system/CodeIgniter.php(317): CodeIgniter\CodeIgniter->handleRequest()
#10 /var/www/html/millebytes/index.php(44): CodeIgniter\CodeIgniter->run()
#11 {main}
CRITICAL - 2021-09-16 05:58:24 --> require(../vendor/phpmailer/src/Exception.php): failed to open stream: No such file or directory
#0 /var/www/html/millebytes/app/Controllers/Home.php(10): CodeIgniter\Debug\Exceptions->errorHandler()
#1 /var/www/html/millebytes/app/Controllers/Home.php(10): require()
#2 /var/www/html/millebytes/vendor/codeigniter4/framework/system/Autoloader/Autoloader.php(342): include_once('/var/www/html/m...')
#3 /var/www/html/millebytes/vendor/codeigniter4/framework/system/Autoloader/Autoloader.php(274): CodeIgniter\Autoloader\Autoloader->includeFile()
#4 /var/www/html/millebytes/vendor/codeigniter4/framework/system/Autoloader/Autoloader.php(228): CodeIgniter\Autoloader\Autoloader->loadInNamespace()
#5 [internal function]: CodeIgniter\Autoloader\Autoloader->loadClass()
#6 [internal function]: spl_autoload_call()
#7 /var/www/html/millebytes/vendor/codeigniter4/framework/system/CodeIgniter.php(892): class_exists()
#8 /var/www/html/millebytes/vendor/codeigniter4/framework/system/CodeIgniter.php(416): CodeIgniter\CodeIgniter->startController()
#9 /var/www/html/millebytes/vendor/codeigniter4/framework/system/CodeIgniter.php(332): CodeIgniter\CodeIgniter->handleRequest()
#10 /var/www/html/millebytes/index.php(44): CodeIgniter\CodeIgniter->run()
#11 {main}
CRITICAL - 2021-09-16 05:58:28 --> require(../vendor/phpmailer/src/Exception.php): failed to open stream: No such file or directory
#0 /var/www/html/millebytes/app/Controllers/Home.php(10): CodeIgniter\Debug\Exceptions->errorHandler()
#1 /var/www/html/millebytes/app/Controllers/Home.php(10): require()
#2 /var/www/html/millebytes/vendor/codeigniter4/framework/system/Autoloader/Autoloader.php(342): include_once('/var/www/html/m...')
#3 /var/www/html/millebytes/vendor/codeigniter4/framework/system/Autoloader/Autoloader.php(274): CodeIgniter\Autoloader\Autoloader->includeFile()
#4 /var/www/html/millebytes/vendor/codeigniter4/framework/system/Autoloader/Autoloader.php(228): CodeIgniter\Autoloader\Autoloader->loadInNamespace()
#5 [internal function]: CodeIgniter\Autoloader\Autoloader->loadClass()
#6 [internal function]: spl_autoload_call()
#7 /var/www/html/millebytes/vendor/codeigniter4/framework/system/CodeIgniter.php(892): class_exists()
#8 /var/www/html/millebytes/vendor/codeigniter4/framework/system/CodeIgniter.php(416): CodeIgniter\CodeIgniter->startController()
#9 /var/www/html/millebytes/vendor/codeigniter4/framework/system/CodeIgniter.php(332): CodeIgniter\CodeIgniter->handleRequest()
#10 /var/www/html/millebytes/index.php(44): CodeIgniter\CodeIgniter->run()
#11 {main}
CRITICAL - 2021-09-16 05:58:43 --> require(../vendor/phpmailer/src/Exception.php): failed to open stream: No such file or directory
#0 /var/www/html/millebytes/app/Controllers/Home.php(10): CodeIgniter\Debug\Exceptions->errorHandler()
#1 /var/www/html/millebytes/app/Controllers/Home.php(10): require()
#2 /var/www/html/millebytes/vendor/codeigniter4/framework/system/Autoloader/Autoloader.php(342): include_once('/var/www/html/m...')
#3 /var/www/html/millebytes/vendor/codeigniter4/framework/system/Autoloader/Autoloader.php(274): CodeIgniter\Autoloader\Autoloader->includeFile()
#4 /var/www/html/millebytes/vendor/codeigniter4/framework/system/Autoloader/Autoloader.php(228): CodeIgniter\Autoloader\Autoloader->loadInNamespace()
#5 [internal function]: CodeIgniter\Autoloader\Autoloader->loadClass()
#6 [internal function]: spl_autoload_call()
#7 /var/www/html/millebytes/vendor/codeigniter4/framework/system/CodeIgniter.php(892): class_exists()
#8 /var/www/html/millebytes/vendor/codeigniter4/framework/system/CodeIgniter.php(416): CodeIgniter\CodeIgniter->startController()
#9 /var/www/html/millebytes/vendor/codeigniter4/framework/system/CodeIgniter.php(332): CodeIgniter\CodeIgniter->handleRequest()
#10 /var/www/html/millebytes/index.php(44): CodeIgniter\CodeIgniter->run()
#11 {main}
CRITICAL - 2021-09-16 05:59:09 --> require(../vendor/phpmailer/src/Exception.php): failed to open stream: No such file or directory
#0 /var/www/html/millebytes/app/Controllers/Home.php(10): CodeIgniter\Debug\Exceptions->errorHandler()
#1 /var/www/html/millebytes/app/Controllers/Home.php(10): require()
#2 /var/www/html/millebytes/vendor/codeigniter4/framework/system/Autoloader/Autoloader.php(342): include_once('/var/www/html/m...')
#3 /var/www/html/millebytes/vendor/codeigniter4/framework/system/Autoloader/Autoloader.php(274): CodeIgniter\Autoloader\Autoloader->includeFile()
#4 /var/www/html/millebytes/vendor/codeigniter4/framework/system/Autoloader/Autoloader.php(228): CodeIgniter\Autoloader\Autoloader->loadInNamespace()
#5 [internal function]: CodeIgniter\Autoloader\Autoloader->loadClass()
#6 [internal function]: spl_autoload_call()
#7 /var/www/html/millebytes/vendor/codeigniter4/framework/system/CodeIgniter.php(892): class_exists()
#8 /var/www/html/millebytes/vendor/codeigniter4/framework/system/CodeIgniter.php(416): CodeIgniter\CodeIgniter->startController()
#9 /var/www/html/millebytes/vendor/codeigniter4/framework/system/CodeIgniter.php(332): CodeIgniter\CodeIgniter->handleRequest()
#10 /var/www/html/millebytes/index.php(44): CodeIgniter\CodeIgniter->run()
#11 {main}
CRITICAL - 2021-09-16 06:17:26 --> require(../vendor/phpmailer/src/Exception.php): failed to open stream: No such file or directory
#0 /var/www/html/millebytes/app/Controllers/Home.php(10): CodeIgniter\Debug\Exceptions->errorHandler()
#1 /var/www/html/millebytes/app/Controllers/Home.php(10): require()
#2 /var/www/html/millebytes/vendor/codeigniter4/framework/system/Autoloader/Autoloader.php(342): include_once('/var/www/html/m...')
#3 /var/www/html/millebytes/vendor/codeigniter4/framework/system/Autoloader/Autoloader.php(274): CodeIgniter\Autoloader\Autoloader->includeFile()
#4 /var/www/html/millebytes/vendor/codeigniter4/framework/system/Autoloader/Autoloader.php(228): CodeIgniter\Autoloader\Autoloader->loadInNamespace()
#5 [internal function]: CodeIgniter\Autoloader\Autoloader->loadClass()
#6 [internal function]: spl_autoload_call()
#7 /var/www/html/millebytes/vendor/codeigniter4/framework/system/CodeIgniter.php(892): class_exists()
#8 /var/www/html/millebytes/vendor/codeigniter4/framework/system/CodeIgniter.php(416): CodeIgniter\CodeIgniter->startController()
#9 /var/www/html/millebytes/vendor/codeigniter4/framework/system/CodeIgniter.php(332): CodeIgniter\CodeIgniter->handleRequest()
#10 /var/www/html/millebytes/index.php(44): CodeIgniter\CodeIgniter->run()
#11 {main}
CRITICAL - 2021-09-16 07:16:15 --> require(../vendor/phpmailer/src/Exception.php): failed to open stream: No such file or directory
#0 /var/www/html/millebytes/app/Controllers/Home.php(10): CodeIgniter\Debug\Exceptions->errorHandler()
#1 /var/www/html/millebytes/app/Controllers/Home.php(10): require()
#2 /var/www/html/millebytes/vendor/codeigniter4/framework/system/Autoloader/Autoloader.php(342): include_once('/var/www/html/m...')
#3 /var/www/html/millebytes/vendor/codeigniter4/framework/system/Autoloader/Autoloader.php(274): CodeIgniter\Autoloader\Autoloader->includeFile()
#4 /var/www/html/millebytes/vendor/codeigniter4/framework/system/Autoloader/Autoloader.php(228): CodeIgniter\Autoloader\Autoloader->loadInNamespace()
#5 [internal function]: CodeIgniter\Autoloader\Autoloader->loadClass()
#6 [internal function]: spl_autoload_call()
#7 /var/www/html/millebytes/vendor/codeigniter4/framework/system/CodeIgniter.php(892): class_exists()
#8 /var/www/html/millebytes/vendor/codeigniter4/framework/system/CodeIgniter.php(416): CodeIgniter\CodeIgniter->startController()
#9 /var/www/html/millebytes/vendor/codeigniter4/framework/system/CodeIgniter.php(332): CodeIgniter\CodeIgniter->handleRequest()
#10 /var/www/html/millebytes/index.php(44): CodeIgniter\CodeIgniter->run()
#11 {main}
CRITICAL - 2021-09-16 07:45:59 --> require(../vendor/phpmailer/src/Exception.php): failed to open stream: No such file or directory
#0 /var/www/html/millebytes/app/Controllers/Home.php(10): CodeIgniter\Debug\Exceptions->errorHandler()
#1 /var/www/html/millebytes/app/Controllers/Home.php(10): require()
#2 /var/www/html/millebytes/vendor/codeigniter4/framework/system/Autoloader/Autoloader.php(342): include_once('/var/www/html/m...')
#3 /var/www/html/millebytes/vendor/codeigniter4/framework/system/Autoloader/Autoloader.php(274): CodeIgniter\Autoloader\Autoloader->includeFile()
#4 /var/www/html/millebytes/vendor/codeigniter4/framework/system/Autoloader/Autoloader.php(228): CodeIgniter\Autoloader\Autoloader->loadInNamespace()
#5 [internal function]: CodeIgniter\Autoloader\Autoloader->loadClass()
#6 [internal function]: spl_autoload_call()
#7 /var/www/html/millebytes/vendor/codeigniter4/framework/system/CodeIgniter.php(892): class_exists()
#8 /var/www/html/millebytes/vendor/codeigniter4/framework/system/CodeIgniter.php(416): CodeIgniter\CodeIgniter->startController()
#9 /var/www/html/millebytes/vendor/codeigniter4/framework/system/CodeIgniter.php(332): CodeIgniter\CodeIgniter->handleRequest()
#10 /var/www/html/millebytes/index.php(44): CodeIgniter\CodeIgniter->run()
#11 {main}
