ERROR - 2022-09-06 02:39:57 --> mysqli_sql_exception: Table 'millebytesdb.works' doesn't exist in /var/www/millebytes/vendor/codeigniter4/framework/system/Database/MySQLi/Connection.php:314
Stack trace:
#0 /var/www/millebytes/vendor/codeigniter4/framework/system/Database/MySQLi/Connection.php(314): mysqli->query()
#1 /var/www/millebytes/vendor/codeigniter4/framework/system/Database/BaseConnection.php(715): CodeIgniter\Database\MySQLi\Connection->execute()
#2 /var/www/millebytes/vendor/codeigniter4/framework/system/Database/BaseConnection.php(643): CodeIgniter\Database\BaseConnection->simpleQuery()
#3 /var/www/millebytes/app/Views/profile.php(8): CodeIgniter\Database\BaseConnection->query()
#4 /var/www/millebytes/vendor/codeigniter4/framework/system/View/View.php(220): include('/var/www/milleb...')
#5 /var/www/millebytes/vendor/codeigniter4/framework/system/View/View.php(222): CodeIgniter\View\View->CodeIgniter\View\{closure}()
#6 /var/www/millebytes/vendor/codeigniter4/framework/system/Common.php(1217): CodeIgniter\View\View->render()
#7 /var/www/millebytes/app/Controllers/User.php(226): view()
#8 /var/www/millebytes/vendor/codeigniter4/framework/system/CodeIgniter.php(935): App\Controllers\User->profilo()
#9 /var/www/millebytes/vendor/codeigniter4/framework/system/CodeIgniter.php(431): CodeIgniter\CodeIgniter->runController()
#10 /var/www/millebytes/vendor/codeigniter4/framework/system/CodeIgniter.php(332): CodeIgniter\CodeIgniter->handleRequest()
#11 /var/www/millebytes/index.php(44): CodeIgniter\CodeIgniter->run()
#12 {main}
ERROR - 2022-09-06 05:28:30 --> mysqli_sql_exception: Table 'millebytesdb.works' doesn't exist in /var/www/millebytes/vendor/codeigniter4/framework/system/Database/MySQLi/Connection.php:314
Stack trace:
#0 /var/www/millebytes/vendor/codeigniter4/framework/system/Database/MySQLi/Connection.php(314): mysqli->query()
#1 /var/www/millebytes/vendor/codeigniter4/framework/system/Database/BaseConnection.php(715): CodeIgniter\Database\MySQLi\Connection->execute()
#2 /var/www/millebytes/vendor/codeigniter4/framework/system/Database/BaseConnection.php(643): CodeIgniter\Database\BaseConnection->simpleQuery()
#3 /var/www/millebytes/app/Views/profile.php(8): CodeIgniter\Database\BaseConnection->query()
#4 /var/www/millebytes/vendor/codeigniter4/framework/system/View/View.php(220): include('/var/www/milleb...')
#5 /var/www/millebytes/vendor/codeigniter4/framework/system/View/View.php(222): CodeIgniter\View\View->CodeIgniter\View\{closure}()
#6 /var/www/millebytes/vendor/codeigniter4/framework/system/Common.php(1217): CodeIgniter\View\View->render()
#7 /var/www/millebytes/app/Controllers/User.php(226): view()
#8 /var/www/millebytes/vendor/codeigniter4/framework/system/CodeIgniter.php(935): App\Controllers\User->profilo()
#9 /var/www/millebytes/vendor/codeigniter4/framework/system/CodeIgniter.php(431): CodeIgniter\CodeIgniter->runController()
#10 /var/www/millebytes/vendor/codeigniter4/framework/system/CodeIgniter.php(332): CodeIgniter\CodeIgniter->handleRequest()
#11 /var/www/millebytes/index.php(44): CodeIgniter\CodeIgniter->run()
#12 {main}
ERROR - 2022-09-06 05:29:41 --> mysqli_sql_exception: Table 'millebytesdb.works' doesn't exist in /var/www/millebytes/vendor/codeigniter4/framework/system/Database/MySQLi/Connection.php:314
Stack trace:
#0 /var/www/millebytes/vendor/codeigniter4/framework/system/Database/MySQLi/Connection.php(314): mysqli->query()
#1 /var/www/millebytes/vendor/codeigniter4/framework/system/Database/BaseConnection.php(715): CodeIgniter\Database\MySQLi\Connection->execute()
#2 /var/www/millebytes/vendor/codeigniter4/framework/system/Database/BaseConnection.php(643): CodeIgniter\Database\BaseConnection->simpleQuery()
#3 /var/www/millebytes/app/Views/profile.php(8): CodeIgniter\Database\BaseConnection->query()
#4 /var/www/millebytes/vendor/codeigniter4/framework/system/View/View.php(220): include('/var/www/milleb...')
#5 /var/www/millebytes/vendor/codeigniter4/framework/system/View/View.php(222): CodeIgniter\View\View->CodeIgniter\View\{closure}()
#6 /var/www/millebytes/vendor/codeigniter4/framework/system/Common.php(1217): CodeIgniter\View\View->render()
#7 /var/www/millebytes/app/Controllers/User.php(226): view()
#8 /var/www/millebytes/vendor/codeigniter4/framework/system/CodeIgniter.php(935): App\Controllers\User->profilo()
#9 /var/www/millebytes/vendor/codeigniter4/framework/system/CodeIgniter.php(431): CodeIgniter\CodeIgniter->runController()
#10 /var/www/millebytes/vendor/codeigniter4/framework/system/CodeIgniter.php(332): CodeIgniter\CodeIgniter->handleRequest()
#11 /var/www/millebytes/index.php(44): CodeIgniter\CodeIgniter->run()
#12 {main}
ERROR - 2022-09-06 05:44:21 --> mysqli_sql_exception: Table 'millebytesdb.works' doesn't exist in /var/www/millebytes/vendor/codeigniter4/framework/system/Database/MySQLi/Connection.php:314
Stack trace:
#0 /var/www/millebytes/vendor/codeigniter4/framework/system/Database/MySQLi/Connection.php(314): mysqli->query()
#1 /var/www/millebytes/vendor/codeigniter4/framework/system/Database/BaseConnection.php(715): CodeIgniter\Database\MySQLi\Connection->execute()
#2 /var/www/millebytes/vendor/codeigniter4/framework/system/Database/BaseConnection.php(643): CodeIgniter\Database\BaseConnection->simpleQuery()
#3 /var/www/millebytes/app/Views/profile.php(8): CodeIgniter\Database\BaseConnection->query()
#4 /var/www/millebytes/vendor/codeigniter4/framework/system/View/View.php(220): include('/var/www/milleb...')
#5 /var/www/millebytes/vendor/codeigniter4/framework/system/View/View.php(222): CodeIgniter\View\View->CodeIgniter\View\{closure}()
#6 /var/www/millebytes/vendor/codeigniter4/framework/system/Common.php(1217): CodeIgniter\View\View->render()
#7 /var/www/millebytes/app/Controllers/User.php(226): view()
#8 /var/www/millebytes/vendor/codeigniter4/framework/system/CodeIgniter.php(935): App\Controllers\User->profilo()
#9 /var/www/millebytes/vendor/codeigniter4/framework/system/CodeIgniter.php(431): CodeIgniter\CodeIgniter->runController()
#10 /var/www/millebytes/vendor/codeigniter4/framework/system/CodeIgniter.php(332): CodeIgniter\CodeIgniter->handleRequest()
#11 /var/www/millebytes/index.php(44): CodeIgniter\CodeIgniter->run()
#12 {main}
ERROR - 2022-09-06 05:45:10 --> mysqli_sql_exception: Table 'millebytesdb.works' doesn't exist in /var/www/millebytes/vendor/codeigniter4/framework/system/Database/MySQLi/Connection.php:314
Stack trace:
#0 /var/www/millebytes/vendor/codeigniter4/framework/system/Database/MySQLi/Connection.php(314): mysqli->query()
#1 /var/www/millebytes/vendor/codeigniter4/framework/system/Database/BaseConnection.php(715): CodeIgniter\Database\MySQLi\Connection->execute()
#2 /var/www/millebytes/vendor/codeigniter4/framework/system/Database/BaseConnection.php(643): CodeIgniter\Database\BaseConnection->simpleQuery()
#3 /var/www/millebytes/app/Views/profile.php(8): CodeIgniter\Database\BaseConnection->query()
#4 /var/www/millebytes/vendor/codeigniter4/framework/system/View/View.php(220): include('/var/www/milleb...')
#5 /var/www/millebytes/vendor/codeigniter4/framework/system/View/View.php(222): CodeIgniter\View\View->CodeIgniter\View\{closure}()
#6 /var/www/millebytes/vendor/codeigniter4/framework/system/Common.php(1217): CodeIgniter\View\View->render()
#7 /var/www/millebytes/app/Controllers/User.php(226): view()
#8 /var/www/millebytes/vendor/codeigniter4/framework/system/CodeIgniter.php(935): App\Controllers\User->profilo()
#9 /var/www/millebytes/vendor/codeigniter4/framework/system/CodeIgniter.php(431): CodeIgniter\CodeIgniter->runController()
#10 /var/www/millebytes/vendor/codeigniter4/framework/system/CodeIgniter.php(332): CodeIgniter\CodeIgniter->handleRequest()
#11 /var/www/millebytes/index.php(44): CodeIgniter\CodeIgniter->run()
#12 {main}
ERROR - 2022-09-06 08:45:02 --> mysqli_sql_exception: Table 'millebytesdb.works' doesn't exist in /var/www/millebytes/vendor/codeigniter4/framework/system/Database/MySQLi/Connection.php:314
Stack trace:
#0 /var/www/millebytes/vendor/codeigniter4/framework/system/Database/MySQLi/Connection.php(314): mysqli->query()
#1 /var/www/millebytes/vendor/codeigniter4/framework/system/Database/BaseConnection.php(715): CodeIgniter\Database\MySQLi\Connection->execute()
#2 /var/www/millebytes/vendor/codeigniter4/framework/system/Database/BaseConnection.php(643): CodeIgniter\Database\BaseConnection->simpleQuery()
#3 /var/www/millebytes/app/Views/profile.php(8): CodeIgniter\Database\BaseConnection->query()
#4 /var/www/millebytes/vendor/codeigniter4/framework/system/View/View.php(220): include('/var/www/milleb...')
#5 /var/www/millebytes/vendor/codeigniter4/framework/system/View/View.php(222): CodeIgniter\View\View->CodeIgniter\View\{closure}()
#6 /var/www/millebytes/vendor/codeigniter4/framework/system/Common.php(1217): CodeIgniter\View\View->render()
#7 /var/www/millebytes/app/Controllers/User.php(226): view()
#8 /var/www/millebytes/vendor/codeigniter4/framework/system/CodeIgniter.php(935): App\Controllers\User->profilo()
#9 /var/www/millebytes/vendor/codeigniter4/framework/system/CodeIgniter.php(431): CodeIgniter\CodeIgniter->runController()
#10 /var/www/millebytes/vendor/codeigniter4/framework/system/CodeIgniter.php(332): CodeIgniter\CodeIgniter->handleRequest()
#11 /var/www/millebytes/index.php(44): CodeIgniter\CodeIgniter->run()
#12 {main}
ERROR - 2022-09-06 09:21:44 --> mysqli_sql_exception: Table 'millebytesdb.works' doesn't exist in /var/www/millebytes/vendor/codeigniter4/framework/system/Database/MySQLi/Connection.php:314
Stack trace:
#0 /var/www/millebytes/vendor/codeigniter4/framework/system/Database/MySQLi/Connection.php(314): mysqli->query()
#1 /var/www/millebytes/vendor/codeigniter4/framework/system/Database/BaseConnection.php(715): CodeIgniter\Database\MySQLi\Connection->execute()
#2 /var/www/millebytes/vendor/codeigniter4/framework/system/Database/BaseConnection.php(643): CodeIgniter\Database\BaseConnection->simpleQuery()
#3 /var/www/millebytes/app/Views/profile.php(8): CodeIgniter\Database\BaseConnection->query()
#4 /var/www/millebytes/vendor/codeigniter4/framework/system/View/View.php(220): include('/var/www/milleb...')
#5 /var/www/millebytes/vendor/codeigniter4/framework/system/View/View.php(222): CodeIgniter\View\View->CodeIgniter\View\{closure}()
#6 /var/www/millebytes/vendor/codeigniter4/framework/system/Common.php(1217): CodeIgniter\View\View->render()
#7 /var/www/millebytes/app/Controllers/User.php(226): view()
#8 /var/www/millebytes/vendor/codeigniter4/framework/system/CodeIgniter.php(935): App\Controllers\User->profilo()
#9 /var/www/millebytes/vendor/codeigniter4/framework/system/CodeIgniter.php(431): CodeIgniter\CodeIgniter->runController()
#10 /var/www/millebytes/vendor/codeigniter4/framework/system/CodeIgniter.php(332): CodeIgniter\CodeIgniter->handleRequest()
#11 /var/www/millebytes/index.php(44): CodeIgniter\CodeIgniter->run()
#12 {main}
ERROR - 2022-09-06 14:05:25 --> mysqli_sql_exception: Table 'millebytesdb.works' doesn't exist in /var/www/millebytes/vendor/codeigniter4/framework/system/Database/MySQLi/Connection.php:314
Stack trace:
#0 /var/www/millebytes/vendor/codeigniter4/framework/system/Database/MySQLi/Connection.php(314): mysqli->query()
#1 /var/www/millebytes/vendor/codeigniter4/framework/system/Database/BaseConnection.php(715): CodeIgniter\Database\MySQLi\Connection->execute()
#2 /var/www/millebytes/vendor/codeigniter4/framework/system/Database/BaseConnection.php(643): CodeIgniter\Database\BaseConnection->simpleQuery()
#3 /var/www/millebytes/app/Views/profile.php(8): CodeIgniter\Database\BaseConnection->query()
#4 /var/www/millebytes/vendor/codeigniter4/framework/system/View/View.php(220): include('/var/www/milleb...')
#5 /var/www/millebytes/vendor/codeigniter4/framework/system/View/View.php(222): CodeIgniter\View\View->CodeIgniter\View\{closure}()
#6 /var/www/millebytes/vendor/codeigniter4/framework/system/Common.php(1217): CodeIgniter\View\View->render()
#7 /var/www/millebytes/app/Controllers/User.php(226): view()
#8 /var/www/millebytes/vendor/codeigniter4/framework/system/CodeIgniter.php(935): App\Controllers\User->profilo()
#9 /var/www/millebytes/vendor/codeigniter4/framework/system/CodeIgniter.php(431): CodeIgniter\CodeIgniter->runController()
#10 /var/www/millebytes/vendor/codeigniter4/framework/system/CodeIgniter.php(332): CodeIgniter\CodeIgniter->handleRequest()
#11 /var/www/millebytes/index.php(44): CodeIgniter\CodeIgniter->run()
#12 {main}
ERROR - 2022-09-06 14:06:16 --> mysqli_sql_exception: Table 'millebytesdb.works' doesn't exist in /var/www/millebytes/vendor/codeigniter4/framework/system/Database/MySQLi/Connection.php:314
Stack trace:
#0 /var/www/millebytes/vendor/codeigniter4/framework/system/Database/MySQLi/Connection.php(314): mysqli->query()
#1 /var/www/millebytes/vendor/codeigniter4/framework/system/Database/BaseConnection.php(715): CodeIgniter\Database\MySQLi\Connection->execute()
#2 /var/www/millebytes/vendor/codeigniter4/framework/system/Database/BaseConnection.php(643): CodeIgniter\Database\BaseConnection->simpleQuery()
#3 /var/www/millebytes/app/Views/profile.php(8): CodeIgniter\Database\BaseConnection->query()
#4 /var/www/millebytes/vendor/codeigniter4/framework/system/View/View.php(220): include('/var/www/milleb...')
#5 /var/www/millebytes/vendor/codeigniter4/framework/system/View/View.php(222): CodeIgniter\View\View->CodeIgniter\View\{closure}()
#6 /var/www/millebytes/vendor/codeigniter4/framework/system/Common.php(1217): CodeIgniter\View\View->render()
#7 /var/www/millebytes/app/Controllers/User.php(226): view()
#8 /var/www/millebytes/vendor/codeigniter4/framework/system/CodeIgniter.php(935): App\Controllers\User->profilo()
#9 /var/www/millebytes/vendor/codeigniter4/framework/system/CodeIgniter.php(431): CodeIgniter\CodeIgniter->runController()
#10 /var/www/millebytes/vendor/codeigniter4/framework/system/CodeIgniter.php(332): CodeIgniter\CodeIgniter->handleRequest()
#11 /var/www/millebytes/index.php(44): CodeIgniter\CodeIgniter->run()
#12 {main}
ERROR - 2022-09-06 14:28:27 --> mysqli_sql_exception: Table 'millebytesdb.works' doesn't exist in /var/www/millebytes/vendor/codeigniter4/framework/system/Database/MySQLi/Connection.php:314
Stack trace:
#0 /var/www/millebytes/vendor/codeigniter4/framework/system/Database/MySQLi/Connection.php(314): mysqli->query()
#1 /var/www/millebytes/vendor/codeigniter4/framework/system/Database/BaseConnection.php(715): CodeIgniter\Database\MySQLi\Connection->execute()
#2 /var/www/millebytes/vendor/codeigniter4/framework/system/Database/BaseConnection.php(643): CodeIgniter\Database\BaseConnection->simpleQuery()
#3 /var/www/millebytes/app/Views/profile.php(8): CodeIgniter\Database\BaseConnection->query()
#4 /var/www/millebytes/vendor/codeigniter4/framework/system/View/View.php(220): include('/var/www/milleb...')
#5 /var/www/millebytes/vendor/codeigniter4/framework/system/View/View.php(222): CodeIgniter\View\View->CodeIgniter\View\{closure}()
#6 /var/www/millebytes/vendor/codeigniter4/framework/system/Common.php(1217): CodeIgniter\View\View->render()
#7 /var/www/millebytes/app/Controllers/User.php(226): view()
#8 /var/www/millebytes/vendor/codeigniter4/framework/system/CodeIgniter.php(935): App\Controllers\User->profilo()
#9 /var/www/millebytes/vendor/codeigniter4/framework/system/CodeIgniter.php(431): CodeIgniter\CodeIgniter->runController()
#10 /var/www/millebytes/vendor/codeigniter4/framework/system/CodeIgniter.php(332): CodeIgniter\CodeIgniter->handleRequest()
#11 /var/www/millebytes/index.php(44): CodeIgniter\CodeIgniter->run()
#12 {main}
ERROR - 2022-09-06 14:29:09 --> mysqli_sql_exception: Table 'millebytesdb.works' doesn't exist in /var/www/millebytes/vendor/codeigniter4/framework/system/Database/MySQLi/Connection.php:314
Stack trace:
#0 /var/www/millebytes/vendor/codeigniter4/framework/system/Database/MySQLi/Connection.php(314): mysqli->query()
#1 /var/www/millebytes/vendor/codeigniter4/framework/system/Database/BaseConnection.php(715): CodeIgniter\Database\MySQLi\Connection->execute()
#2 /var/www/millebytes/vendor/codeigniter4/framework/system/Database/BaseConnection.php(643): CodeIgniter\Database\BaseConnection->simpleQuery()
#3 /var/www/millebytes/app/Views/profile.php(8): CodeIgniter\Database\BaseConnection->query()
#4 /var/www/millebytes/vendor/codeigniter4/framework/system/View/View.php(220): include('/var/www/milleb...')
#5 /var/www/millebytes/vendor/codeigniter4/framework/system/View/View.php(222): CodeIgniter\View\View->CodeIgniter\View\{closure}()
#6 /var/www/millebytes/vendor/codeigniter4/framework/system/Common.php(1217): CodeIgniter\View\View->render()
#7 /var/www/millebytes/app/Controllers/User.php(226): view()
#8 /var/www/millebytes/vendor/codeigniter4/framework/system/CodeIgniter.php(935): App\Controllers\User->profilo()
#9 /var/www/millebytes/vendor/codeigniter4/framework/system/CodeIgniter.php(431): CodeIgniter\CodeIgniter->runController()
#10 /var/www/millebytes/vendor/codeigniter4/framework/system/CodeIgniter.php(332): CodeIgniter\CodeIgniter->handleRequest()
#11 /var/www/millebytes/index.php(44): CodeIgniter\CodeIgniter->run()
#12 {main}
ERROR - 2022-09-06 14:48:54 --> mysqli_sql_exception: Table 'millebytesdb.works' doesn't exist in /var/www/millebytes/vendor/codeigniter4/framework/system/Database/MySQLi/Connection.php:314
Stack trace:
#0 /var/www/millebytes/vendor/codeigniter4/framework/system/Database/MySQLi/Connection.php(314): mysqli->query()
#1 /var/www/millebytes/vendor/codeigniter4/framework/system/Database/BaseConnection.php(715): CodeIgniter\Database\MySQLi\Connection->execute()
#2 /var/www/millebytes/vendor/codeigniter4/framework/system/Database/BaseConnection.php(643): CodeIgniter\Database\BaseConnection->simpleQuery()
#3 /var/www/millebytes/app/Views/profile.php(8): CodeIgniter\Database\BaseConnection->query()
#4 /var/www/millebytes/vendor/codeigniter4/framework/system/View/View.php(220): include('/var/www/milleb...')
#5 /var/www/millebytes/vendor/codeigniter4/framework/system/View/View.php(222): CodeIgniter\View\View->CodeIgniter\View\{closure}()
#6 /var/www/millebytes/vendor/codeigniter4/framework/system/Common.php(1217): CodeIgniter\View\View->render()
#7 /var/www/millebytes/app/Controllers/User.php(226): view()
#8 /var/www/millebytes/vendor/codeigniter4/framework/system/CodeIgniter.php(935): App\Controllers\User->profilo()
#9 /var/www/millebytes/vendor/codeigniter4/framework/system/CodeIgniter.php(431): CodeIgniter\CodeIgniter->runController()
#10 /var/www/millebytes/vendor/codeigniter4/framework/system/CodeIgniter.php(332): CodeIgniter\CodeIgniter->handleRequest()
#11 /var/www/millebytes/index.php(44): CodeIgniter\CodeIgniter->run()
#12 {main}
ERROR - 2022-09-06 18:31:07 --> mysqli_sql_exception: Table 'millebytesdb.works' doesn't exist in /var/www/millebytes/vendor/codeigniter4/framework/system/Database/MySQLi/Connection.php:314
Stack trace:
#0 /var/www/millebytes/vendor/codeigniter4/framework/system/Database/MySQLi/Connection.php(314): mysqli->query()
#1 /var/www/millebytes/vendor/codeigniter4/framework/system/Database/BaseConnection.php(715): CodeIgniter\Database\MySQLi\Connection->execute()
#2 /var/www/millebytes/vendor/codeigniter4/framework/system/Database/BaseConnection.php(643): CodeIgniter\Database\BaseConnection->simpleQuery()
#3 /var/www/millebytes/app/Views/profile.php(8): CodeIgniter\Database\BaseConnection->query()
#4 /var/www/millebytes/vendor/codeigniter4/framework/system/View/View.php(220): include('/var/www/milleb...')
#5 /var/www/millebytes/vendor/codeigniter4/framework/system/View/View.php(222): CodeIgniter\View\View->CodeIgniter\View\{closure}()
#6 /var/www/millebytes/vendor/codeigniter4/framework/system/Common.php(1217): CodeIgniter\View\View->render()
#7 /var/www/millebytes/app/Controllers/User.php(226): view()
#8 /var/www/millebytes/vendor/codeigniter4/framework/system/CodeIgniter.php(935): App\Controllers\User->profilo()
#9 /var/www/millebytes/vendor/codeigniter4/framework/system/CodeIgniter.php(431): CodeIgniter\CodeIgniter->runController()
#10 /var/www/millebytes/vendor/codeigniter4/framework/system/CodeIgniter.php(332): CodeIgniter\CodeIgniter->handleRequest()
#11 /var/www/millebytes/index.php(44): CodeIgniter\CodeIgniter->run()
#12 {main}
